Log file open, 02/06/20 14:58:29
LogWindows: Failed to load 'aqProf.dll' (GetLastError=126)
LogWindows: File 'aqProf.dll' does not exist
LogWindows: Failed to load 'VtuneApi.dll' (GetLastError=126)
LogWindows: File 'VtuneApi.dll' does not exist
LogWindows: Failed to load 'VtuneApi32e.dll' (GetLastError=126)
LogWindows: File 'VtuneApi32e.dll' does not exist
LogConsoleResponse: Display: Failed to find resolution value strings in scalability ini. Falling back to default.
LogInit: Display: Running engine for game: Throne_bluprint
LogPlatformFile: Not using cached read wrapper
LogTaskGraph: Started task graph with 5 named threads and 26 total threads with 3 sets of task threads.
LogStats: Stats thread started at 0.055978
LogD3D11RHI: Loaded GFSDK_Aftermath_Lib.x64.dll
LogICUInternationalization: ICU TimeZone Detection - Raw Offset: +8:00, Platform Override: ''
LogPluginManager: Mounting plugin Paper2D
LogPluginManager: Mounting plugin AISupport
LogPluginManager: Mounting plugin LightPropagationVolume
LogPluginManager: Mounting plugin ActorLayerUtilities
LogPluginManager: Mounting plugin AnimationSharing
LogPluginManager: Mounting plugin CLionSourceCodeAccess
LogPluginManager: Mounting plugin CodeLiteSourceCodeAccess
LogPluginManager: Mounting plugin GitSourceControl
LogPluginManager: Mounting plugin KDevelopSourceCodeAccess
LogPluginManager: Mounting plugin NullSourceCodeAccess
LogPluginManager: Mounting plugin PerforceSourceControl
LogPluginManager: Mounting plugin SubversionSourceControl
LogPluginManager: Mounting plugin UObjectPlugin
LogPluginManager: Mounting plugin VisualStudioCodeSourceCodeAccess
LogPluginManager: Mounting plugin VisualStudioSourceCodeAccess
LogPluginManager: Mounting plugin XCodeSourceCodeAccess
LogPluginManager: Mounting plugin AssetManagerEditor
LogPluginManager: Mounting plugin CryptoKeys
LogPluginManager: Mounting plugin CurveEditorTools
LogPluginManager: Mounting plugin DataValidation
LogPluginManager: Mounting plugin EditorScriptingUtilities
LogPluginManager: Mounting plugin FacialAnimation
LogPluginManager: Mounting plugin GameplayTagsEditor
LogPluginManager: Mounting plugin GLTFImporter
LogPluginManager: Mounting plugin MacGraphicsSwitching
LogPluginManager: Mounting plugin MaterialAnalyzer
LogPluginManager: Mounting plugin MeshEditor
LogPluginManager: Mounting plugin MobileLauncherProfileWizard
LogPluginManager: Mounting plugin PluginBrowser
LogPluginManager: Mounting plugin SpeedTreeImporter
LogPluginManager: Mounting plugin DatasmithContent
LogPluginManager: Mounting plugin VariantManagerContent
LogPluginManager: Mounting plugin AlembicImporter
LogPluginManager: Mounting plugin AutomationUtils
LogPluginManager: Mounting plugin BackChannel
LogPluginManager: Mounting plugin BlastPlugin
LogPluginManager: Mounting plugin ChaosSolverPlugin
LogPluginManager: Mounting plugin CharacterAI
LogPluginManager: Mounting plugin DataPrepEditor
LogPluginManager: Mounting plugin GeometryCache
LogPluginManager: Mounting plugin GeometryCollectionPlugin
LogPluginManager: Mounting plugin HTML5Networking
LogPluginManager: Mounting plugin PlatformCrypto
LogPluginManager: Mounting plugin ProxyLODPlugin
LogPluginManager: Mounting plugin SkeletalReduction
LogPluginManager: Mounting plugin MagicLeap
LogPluginManager: Mounting plugin MagicLeapMedia
LogPluginManager: Mounting plugin AndroidMedia
LogPluginManager: Mounting plugin AvfMedia
LogPluginManager: Mounting plugin ImgMedia
LogPluginManager: Mounting plugin MediaCompositing
LogPluginManager: Mounting plugin MediaPlayerEditor
LogPluginManager: Mounting plugin WebMMedia
LogPluginManager: Mounting plugin WmfMedia
LogPluginManager: Mounting plugin TcpMessaging
LogPluginManager: Mounting plugin UdpMessaging
LogPluginManager: Mounting plugin ActorSequence
LogPluginManager: Mounting plugin LevelSequenceEditor
LogPluginManager: Mounting plugin MatineeToLevelSequence
LogPluginManager: Mounting plugin NetcodeUnitTest
LogPluginManager: Mounting plugin NUTUnrealEngine4
LogPluginManager: Mounting plugin OnlineSubsystemGooglePlay
LogPluginManager: Mounting plugin OnlineSubsystemIOS
LogPluginManager: Mounting plugin OnlineSubsystem
LogPluginManager: Mounting plugin OnlineSubsystemNull
LogPluginManager: Mounting plugin OnlineSubsystemUtils
LogPluginManager: Mounting plugin LauncherChunkInstaller
LogPluginManager: Mounting plugin AndroidDeviceProfileSelector
LogPluginManager: Mounting plugin AndroidMoviePlayer
LogPluginManager: Mounting plugin AndroidPermission
LogPluginManager: Mounting plugin AppleImageUtils
LogPluginManager: Mounting plugin AppleMoviePlayer
LogPluginManager: Mounting plugin ArchVisCharacter
LogPluginManager: Mounting plugin AudioCapture
LogPluginManager: Mounting plugin CableComponent
LogPluginManager: Mounting plugin CustomMeshComponent
LogPluginManager: Mounting plugin EditableMesh
LogPluginManager: Mounting plugin ExampleDeviceProfileSelector
LogPluginManager: Mounting plugin GoogleCloudMessaging
LogPluginManager: Mounting plugin HoudiniEngine
LogPluginManager: Mounting plugin IOSDeviceProfileSelector
LogPluginManager: Mounting plugin LinuxDeviceProfileSelector
LogPluginManager: Mounting plugin LocationServicesBPLibrary
LogPluginManager: Mounting plugin MobilePatchingUtils
LogPluginManager: Mounting plugin OculusVR
LogPluginManager: Mounting plugin PhysXVehicles
LogPluginManager: Mounting plugin ProceduralMeshComponent
LogPluginManager: Mounting plugin RuntimePhysXCooking
LogPluginManager: Mounting plugin SignificanceManager
LogPluginManager: Mounting plugin SteamVR
LogPluginManager: Mounting plugin WebMMoviePlayer
LogPluginManager: Mounting plugin WindowsMoviePlayer
LogPluginManager: Mounting plugin ScreenshotTools
LogPluginManager: Mounting plugin DatasmithC4DImporter
LogPluginManager: Mounting plugin DatasmithCADImporter
LogPluginManager: Mounting plugin DatasmithFBXImporter
LogPluginManager: Mounting plugin DatasmithGLTFImporter
LogPluginManager: Mounting plugin DatasmithIFCImporter
LogPluginManager: Mounting plugin DatasmithImporter
LogPluginManager: Mounting plugin MDLImporter
LogPluginManager: Mounting plugin StaticMeshEditorExtension
LogPluginManager: Mounting plugin VariantManager
LogInit: Using libcurl 7.55.1-DEV
LogInit:  - built for x86_64-pc-win32
LogInit:  - supports SSL with OpenSSL/1.1.1
LogInit:  - supports HTTP deflate (compression) using libz 1.2.8
LogInit:  - other features:
LogInit:      CURL_VERSION_SSL
LogInit:      CURL_VERSION_LIBZ
LogInit:      CURL_VERSION_IPV6
LogInit:      CURL_VERSION_ASYNCHDNS
LogInit:      CURL_VERSION_LARGEFILE
LogInit:      CURL_VERSION_IDN
LogInit:  CurlRequestOptions (configurable via config and command line):
LogInit:  - bVerifyPeer = true  - Libcurl will verify peer certificate
LogInit:  - bUseHttpProxy = false  - Libcurl will NOT use HTTP proxy
LogInit:  - bDontReuseConnections = false  - Libcurl will reuse connections
LogInit:  - MaxHostConnections = 16  - Libcurl will limit the number of connections to a host
LogInit:  - LocalHostAddr = Default
LogInit:  - BufferSize = 65536
LogOnline: OSS: Creating online subsystem instance for: NULL
LogInit: WinSock: version 1.1 (2.2), MaxSocks=32767, MaxUdp=65467
LogInit: Build: ++UE4+Release-4.23-CL-9631420
LogInit: Engine Version: 4.23.1-9631420+++UE4+Release-4.23
LogInit: Compatible Engine Version: 4.23.0-8386587+++UE4+Release-4.23
LogInit: Net CL: 8386587
LogInit: OS: Windows 10 (Release 1809) (), CPU: Intel(R) Core(TM) i7-9700 CPU @ 3.00GHz, GPU: NVIDIA GeForce RTX 2060
LogInit: Compiled (64-bit): Oct 18 2019 02:07:44
LogInit: Compiled with Visual C++: 19.16.27030.01
LogInit: Build Configuration: Development
LogInit: Branch Name: ++UE4+Release-4.23
LogInit: Command Line:  -EpicPortal -epicusername="shadwn Xlegend" -epicuserid=58d699f663484c54b25d75a24142e276 -epiclocale=en-US
LogInit: Base Directory: C:/Program Files/Epic Games/UE_4.23/Engine/Binaries/Win64/
LogInit: Installed Engine Build: 1
LogDevObjectVersion: Number of dev versions registered: 23
LogDevObjectVersion:   Dev-Blueprints (B0D832E4-1F89-4F0D-ACCF-7EB736FD4AA2): 10
LogDevObjectVersion:   Dev-Build (E1C64328-A22C-4D53-A36C-8E866417BD8C): 0
LogDevObjectVersion:   Dev-Core (375EC13C-06E4-48FB-B500-84F0262A717E): 3
LogDevObjectVersion:   Dev-Editor (E4B068ED-F494-42E9-A231-DA0B2E46BB41): 34
LogDevObjectVersion:   Dev-Framework (CFFC743F-43B0-4480-9391-14DF171D2073): 35
LogDevObjectVersion:   Dev-Mobile (B02B49B5-BB20-44E9-A304-32B752E40360): 2
LogDevObjectVersion:   Dev-Networking (A4E4105C-59A1-49B5-A7C5-40C4547EDFEE): 0
LogDevObjectVersion:   Dev-Online (39C831C9-5AE6-47DC-9A44-9C173E1C8E7C): 0
LogDevObjectVersion:   Dev-Physics (78F01B33-EBEA-4F98-B9B4-84EACCB95AA2): 0
LogDevObjectVersion:   Dev-Platform (6631380F-2D4D-43E0-8009-CF276956A95A): 0
LogDevObjectVersion:   Dev-Rendering (12F88B9F-8875-4AFC-A67C-D90C383ABD29): 31
LogDevObjectVersion:   Dev-Sequencer (7B5AE74C-D270-4C10-A958-57980B212A5A): 11
LogDevObjectVersion:   Dev-VR (D7296918-1DD6-4BDD-9DE2-64A83CC13884): 2
LogDevObjectVersion:   Dev-LoadTimes (C2A15278-BFE7-4AFE-6C17-90FF531DF755): 1
LogDevObjectVersion:   Private-Geometry (6EACA3D4-40EC-4CC1-B786-8BED09428FC5): 3
LogDevObjectVersion:   Dev-AnimPhys (29E575DD-E0A3-4627-9D10-D276232CDCEA): 17
LogDevObjectVersion:   Dev-Anim (AF43A65D-7FD3-4947-9873-3E8ED9C1BB05): 2
LogDevObjectVersion:   Dev-ReflectionCapture (6B266CEC-1EC7-4B8F-A30B-E4D90942FC07): 1
LogDevObjectVersion:   Dev-Automation (0DF73D61-A23F-47EA-B727-89E90C41499A): 1
LogDevObjectVersion:   FortniteMain (601D1886-AC64-4F84-AA16-D3DE0DEAC7D6): 27
LogDevObjectVersion:   Dev-Enterprise (9DFFBCD6-494F-0158-E221-12823C92A888): 6
LogDevObjectVersion:   Dev-Niagara (F2AED0AC-9AFE-416F-8664-AA7FFA26D6FC): 1
LogDevObjectVersion:   Dev-Destruction (174F1F0B-B4C6-45A5-B13F-2EE8D0FB917D): 9
LogInit: Presizing for max 16777216 objects, including 0 objects not considered by GC, pre-allocating 0 bytes for permanent pool.
LogInit: Object subsystem initialized
LogConfig: Setting CVar [[con.DebugEarlyDefault:1]]
LogConfig: Setting CVar [[r.setres:1280x720]]
[2020.02.06-06.58.29:261][  0]LogConfig: Setting CVar [[r.VSync:0]]
[2020.02.06-06.58.29:261][  0]LogConfig: Setting CVar [[r.RHICmdBypass:0]]
[2020.02.06-06.58.29:261][  0]LogConfig: Applying CVar settings from Section [/Script/Engine.RendererSettings] File [E:/_辰星專用/DoubleStar_proj/Throne_bluprint/Saved/Config/Windows/Engine.ini]
[2020.02.06-06.58.29:261][  0]LogConfig: Setting CVar [[r.GPUCrashDebugging:0]]
[2020.02.06-06.58.29:261][  0]LogConfig: Setting CVar [[r.DefaultFeature.AutoExposure.ExtendDefaultLuminanceRange:1]]
[2020.02.06-06.58.29:261][  0]LogConfig: Applying CVar settings from Section [/Script/Engine.RendererOverrideSettings] File [E:/_辰星專用/DoubleStar_proj/Throne_bluprint/Saved/Config/Windows/Engine.ini]
[2020.02.06-06.58.29:261][  0]LogConfig: Applying CVar settings from Section [/Script/Engine.StreamingSettings] File [E:/_辰星專用/DoubleStar_proj/Throne_bluprint/Saved/Config/Windows/Engine.ini]
[2020.02.06-06.58.29:261][  0]LogConfig: Setting CVar [[s.MinBulkDataSizeForAsyncLoading:131072]]
[2020.02.06-06.58.29:261][  0]LogConfig: Setting CVar [[s.AsyncLoadingThreadEnabled:0]]
[2020.02.06-06.58.29:261][  0]LogConfig: Setting CVar [[s.EventDrivenLoaderEnabled:1]]
[2020.02.06-06.58.29:261][  0]LogConfig: Setting CVar [[s.WarnIfTimeLimitExceeded:0]]
[2020.02.06-06.58.29:261][  0]LogConfig: Setting CVar [[s.TimeLimitExceededMultiplier:1.5]]
[2020.02.06-06.58.29:261][  0]LogConfig: Setting CVar [[s.TimeLimitExceededMinTime:0.005]]
[2020.02.06-06.58.29:261][  0]LogConfig: Setting CVar [[s.UseBackgroundLevelStreaming:1]]
[2020.02.06-06.58.29:261][  0]LogConfig: Setting CVar [[s.PriorityAsyncLoadingExtraTime:15.0]]
[2020.02.06-06.58.29:261][  0]LogConfig: Setting CVar [[s.LevelStreamingActorsUpdateTimeLimit:5.0]]
[2020.02.06-06.58.29:261][  0]LogConfig: Setting CVar [[s.PriorityLevelStreamingActorsUpdateExtraTime:5.0]]
[2020.02.06-06.58.29:261][  0]LogConfig: Setting CVar [[s.LevelStreamingComponentsRegistrationGranularity:10]]
[2020.02.06-06.58.29:261][  0]LogConfig: Setting CVar [[s.UnregisterComponentsTimeLimit:1.0]]
[2020.02.06-06.58.29:261][  0]LogConfig: Setting CVar [[s.LevelStreamingComponentsUnregistrationGranularity:5]]
[2020.02.06-06.58.29:261][  0]LogConfig: Applying CVar settings from Section [/Script/Engine.GarbageCollectionSettings] File [E:/_辰星專用/DoubleStar_proj/Throne_bluprint/Saved/Config/Windows/Engine.ini]
[2020.02.06-06.58.29:261][  0]LogConfig: Setting CVar [[gc.MaxObjectsNotConsideredByGC:1]]
[2020.02.06-06.58.29:261][  0]LogConfig: Setting CVar [[gc.SizeOfPermanentObjectPool:0]]
[2020.02.06-06.58.29:261][  0]LogConfig: Setting CVar [[gc.FlushStreamingOnGC:0]]
[2020.02.06-06.58.29:261][  0]LogConfig: Setting CVar [[gc.NumRetriesBeforeForcingGC:10]]
[2020.02.06-06.58.29:261][  0]LogConfig: Setting CVar [[gc.AllowParallelGC:1]]
[2020.02.06-06.58.29:261][  0]LogConfig: Setting CVar [[gc.TimeBetweenPurgingPendingKillObjects:61.1]]
[2020.02.06-06.58.29:261][  0]LogConfig: Setting CVar [[gc.MaxObjectsInEditor:16777216]]
[2020.02.06-06.58.29:261][  0]LogConfig: Setting CVar [[gc.IncrementalBeginDestroyEnabled:1]]
[2020.02.06-06.58.29:261][  0]LogConfig: Setting CVar [[gc.CreateGCClusters:1]]
[2020.02.06-06.58.29:261][  0]LogConfig: Setting CVar [[gc.MinGCClusterSize:5]]
[2020.02.06-06.58.29:261][  0]LogConfig: Setting CVar [[gc.ActorClusteringEnabled:0]]
[2020.02.06-06.58.29:261][  0]LogConfig: Setting CVar [[gc.BlueprintClusteringEnabled:0]]
[2020.02.06-06.58.29:261][  0]LogConfig: Setting CVar [[gc.UseDisregardForGCOnDedicatedServers:0]]
[2020.02.06-06.58.29:261][  0]LogConfig: Applying CVar settings from Section [/Script/Engine.NetworkSettings] File [E:/_辰星專用/DoubleStar_proj/Throne_bluprint/Saved/Config/Windows/Engine.ini]
[2020.02.06-06.58.29:261][  0]LogConfig: Applying CVar settings from Section [/Script/UnrealEd.CookerSettings] File [E:/_辰星專用/DoubleStar_proj/Throne_bluprint/Saved/Config/Windows/Engine.ini]
[2020.02.06-06.58.29:264][  0]LogConfig: Applying CVar settings from Section [ViewDistanceQuality@3] File [E:/_辰星專用/DoubleStar_proj/Throne_bluprint/Saved/Config/Windows/Scalability.ini]
[2020.02.06-06.58.29:264][  0]LogConfig: Setting CVar [[r.SkeletalMeshLODBias:0]]
[2020.02.06-06.58.29:264][  0]LogConfig: Setting CVar [[r.ViewDistanceScale:1.0]]
[2020.02.06-06.58.29:264][  0]LogConfig: Applying CVar settings from Section [AntiAliasingQuality@3] File [E:/_辰星專用/DoubleStar_proj/Throne_bluprint/Saved/Config/Windows/Scalability.ini]
[2020.02.06-06.58.29:264][  0]LogConfig: Setting CVar [[r.PostProcessAAQuality:4]]
[2020.02.06-06.58.29:264][  0]LogConfig: Applying CVar settings from Section [ShadowQuality@3] File [E:/_辰星專用/DoubleStar_proj/Throne_bluprint/Saved/Config/Windows/Scalability.ini]
[2020.02.06-06.58.29:264][  0]LogConfig: Setting CVar [[r.LightFunctionQuality:1]]
[2020.02.06-06.58.29:264][  0]LogConfig: Setting CVar [[r.ShadowQuality:5]]
[2020.02.06-06.58.29:264][  0]LogConfig: Setting CVar [[r.Shadow.CSM.MaxCascades:10]]
[2020.02.06-06.58.29:264][  0]LogConfig: Setting CVar [[r.Shadow.MaxResolution:2048]]
[2020.02.06-06.58.29:264][  0]LogConfig: Setting CVar [[r.Shadow.MaxCSMResolution:2048]]
[2020.02.06-06.58.29:264][  0]LogConfig: Setting CVar [[r.Shadow.RadiusThreshold:0.01]]
[2020.02.06-06.58.29:264][  0]LogConfig: Setting CVar [[r.Shadow.DistanceScale:1.0]]
[2020.02.06-06.58.29:264][  0]LogConfig: Setting CVar [[r.Shadow.CSM.TransitionScale:1.0]]
[2020.02.06-06.58.29:264][  0]LogConfig: Setting CVar [[r.Shadow.PreShadowResolutionFactor:1.0]]
[2020.02.06-06.58.29:264][  0]LogConfig: Setting CVar [[r.DistanceFieldShadowing:1]]
[2020.02.06-06.58.29:265][  0]LogConfig: Setting CVar [[r.DistanceFieldAO:1]]
[2020.02.06-06.58.29:265][  0]LogConfig: Setting CVar [[r.AOQuality:2]]
[2020.02.06-06.58.29:265][  0]LogConfig: Setting CVar [[r.VolumetricFog:1]]
[2020.02.06-06.58.29:265][  0]LogConfig: Setting CVar [[r.VolumetricFog.GridPixelSize:8]]
[2020.02.06-06.58.29:265][  0]LogConfig: Setting CVar [[r.VolumetricFog.GridSizeZ:128]]
[2020.02.06-06.58.29:265][  0]LogConfig: Setting CVar [[r.VolumetricFog.HistoryMissSupersampleCount:4]]
[2020.02.06-06.58.29:265][  0]LogConfig: Setting CVar [[r.LightMaxDrawDistanceScale:1]]
[2020.02.06-06.58.29:265][  0]LogConfig: Setting CVar [[r.CapsuleShadows:1]]
[2020.02.06-06.58.29:265][  0]LogConfig: Applying CVar settings from Section [PostProcessQuality@3] File [E:/_辰星專用/DoubleStar_proj/Throne_bluprint/Saved/Config/Windows/Scalability.ini]
[2020.02.06-06.58.29:265][  0]LogConfig: Setting CVar [[r.MotionBlurQuality:4]]
[2020.02.06-06.58.29:265][  0]LogConfig: Setting CVar [[r.AmbientOcclusionMipLevelFactor:0.4]]
[2020.02.06-06.58.29:265][  0]LogConfig: Setting CVar [[r.AmbientOcclusionMaxQuality:100]]
[2020.02.06-06.58.29:265][  0]LogConfig: Setting CVar [[r.AmbientOcclusionLevels:-1]]
[2020.02.06-06.58.29:265][  0]LogConfig: Setting CVar [[r.AmbientOcclusionRadiusScale:1.0]]
[2020.02.06-06.58.29:265][  0]LogConfig: Setting CVar [[r.DepthOfFieldQuality:2]]
[2020.02.06-06.58.29:265][  0]LogConfig: Setting CVar [[r.RenderTargetPoolMin:400]]
[2020.02.06-06.58.29:265][  0]LogConfig: Setting CVar [[r.LensFlareQuality:2]]
[2020.02.06-06.58.29:265][  0]LogConfig: Setting CVar [[r.SceneColorFringeQuality:1]]
[2020.02.06-06.58.29:265][  0]LogConfig: Setting CVar [[r.EyeAdaptationQuality:2]]
[2020.02.06-06.58.29:265][  0]LogConfig: Setting CVar [[r.BloomQuality:5]]
[2020.02.06-06.58.29:265][  0]LogConfig: Setting CVar [[r.FastBlurThreshold:100]]
[2020.02.06-06.58.29:265][  0]LogConfig: Setting CVar [[r.Upscale.Quality:3]]
[2020.02.06-06.58.29:265][  0]LogConfig: Setting CVar [[r.Tonemapper.GrainQuantization:1]]
[2020.02.06-06.58.29:265][  0]LogConfig: Setting CVar [[r.LightShaftQuality:1]]
[2020.02.06-06.58.29:265][  0]LogConfig: Setting CVar [[r.Filter.SizeScale:1]]
[2020.02.06-06.58.29:265][  0]LogConfig: Setting CVar [[r.Tonemapper.Quality:5]]
[2020.02.06-06.58.29:265][  0]LogConfig: Setting CVar [[r.DOF.Gather.AccumulatorQuality:1        ; higher gathering accumulator quality]]
[2020.02.06-06.58.29:265][  0]LogConfig: Setting CVar [[r.DOF.Gather.PostfilterMethod:1          ; Median3x3 postfilering method]]
[2020.02.06-06.58.29:265][  0]LogConfig: Setting CVar [[r.DOF.Gather.EnableBokehSettings:0       ; no bokeh simulation when gathering]]
[2020.02.06-06.58.29:265][  0]LogConfig: Setting CVar [[r.DOF.Gather.RingCount:4                 ; medium number of samples when gathering]]
[2020.02.06-06.58.29:265][  0]LogConfig: Setting CVar [[r.DOF.Scatter.ForegroundCompositing:1    ; additive foreground scattering]]
[2020.02.06-06.58.29:265][  0]LogConfig: Setting CVar [[r.DOF.Scatter.BackgroundCompositing:2    ; additive background scattering]]
[2020.02.06-06.58.29:265][  0]LogConfig: Setting CVar [[r.DOF.Scatter.EnableBokehSettings:1      ; bokeh simulation when scattering]]
[2020.02.06-06.58.29:265][  0]LogConfig: Setting CVar [[r.DOF.Scatter.MaxSpriteRatio:0.1         ; only a maximum of 10% of scattered bokeh]]
[2020.02.06-06.58.29:265][  0]LogConfig: Setting CVar [[r.DOF.Recombine.Quality:1                ; cheap slight out of focus]]
[2020.02.06-06.58.29:265][  0]LogConfig: Setting CVar [[r.DOF.Recombine.EnableBokehSettings:0    ; no bokeh simulation on slight out of focus]]
[2020.02.06-06.58.29:265][  0]LogConfig: Setting CVar [[r.DOF.TemporalAAQuality:1                ; more stable temporal accumulation]]
[2020.02.06-06.58.29:265][  0]LogConfig: Setting CVar [[r.DOF.Kernel.MaxForegroundRadius:0.025]]
[2020.02.06-06.58.29:265][  0]LogConfig: Setting CVar [[r.DOF.Kernel.MaxBackgroundRadius:0.025]]
[2020.02.06-06.58.29:265][  0]LogConfig: Applying CVar settings from Section [TextureQuality@3] File [E:/_辰星專用/DoubleStar_proj/Throne_bluprint/Saved/Config/Windows/Scalability.ini]
[2020.02.06-06.58.29:265][  0]LogConfig: Setting CVar [[r.Streaming.MipBias:0]]
[2020.02.06-06.58.29:265][  0]LogConfig: Setting CVar [[r.Streaming.AmortizeCPUToGPUCopy:0]]
[2020.02.06-06.58.29:265][  0]LogConfig: Setting CVar [[r.Streaming.MaxNumTexturesToStreamPerFrame:0]]
[2020.02.06-06.58.29:265][  0]LogConfig: Setting CVar [[r.Streaming.Boost:1]]
[2020.02.06-06.58.29:265][  0]LogConfig: Setting CVar [[r.MaxAnisotropy:8]]
[2020.02.06-06.58.29:265][  0]LogConfig: Setting CVar [[r.Streaming.LimitPoolSizeToVRAM:0]]
[2020.02.06-06.58.29:265][  0]LogConfig: Setting CVar [[r.Streaming.PoolSize:1000]]
[2020.02.06-06.58.29:265][  0]LogConfig: Setting CVar [[r.Streaming.MaxEffectiveScreenSize:0]]
[2020.02.06-06.58.29:265][  0]LogConfig: Applying CVar settings from Section [EffectsQuality@3] File [E:/_辰星專用/DoubleStar_proj/Throne_bluprint/Saved/Config/Windows/Scalability.ini]
[2020.02.06-06.58.29:265][  0]LogConfig: Setting CVar [[r.TranslucencyLightingVolumeDim:64]]
[2020.02.06-06.58.29:265][  0]LogConfig: Setting CVar [[r.RefractionQuality:2]]
[2020.02.06-06.58.29:265][  0]LogConfig: Setting CVar [[r.SSR.Quality:3]]
[2020.02.06-06.58.29:265][  0]LogConfig: Setting CVar [[r.SceneColorFormat:4]]
[2020.02.06-06.58.29:265][  0]LogConfig: Setting CVar [[r.DetailMode:2]]
[2020.02.06-06.58.29:265][  0]LogConfig: Setting CVar [[r.TranslucencyVolumeBlur:1]]
[2020.02.06-06.58.29:265][  0]LogConfig: Setting CVar [[r.MaterialQualityLevel:1 ; High quality]]
[2020.02.06-06.58.29:265][  0]LogConfig: Setting CVar [[r.SSS.Scale:1]]
[2020.02.06-06.58.29:265][  0]LogConfig: Setting CVar [[r.SSS.SampleSet:2]]
[2020.02.06-06.58.29:265][  0]LogConfig: Setting CVar [[r.SSS.Quality:1]]
[2020.02.06-06.58.29:265][  0]LogConfig: Setting CVar [[r.SSS.HalfRes:1]]
[2020.02.06-06.58.29:265][  0]LogConfig: Setting CVar [[r.EmitterSpawnRateScale:1.0]]
[2020.02.06-06.58.29:265][  0]LogConfig: Setting CVar [[r.ParticleLightQuality:2]]
[2020.02.06-06.58.29:265][  0]LogConfig: Applying CVar settings from Section [FoliageQuality@3] File [E:/_辰星專用/DoubleStar_proj/Throne_bluprint/Saved/Config/Windows/Scalability.ini]
[2020.02.06-06.58.29:265][  0]LogConfig: Setting CVar [[foliage.DensityScale:1.0]]
[2020.02.06-06.58.29:265][  0]LogConfig: Setting CVar [[grass.DensityScale:1.0]]
[2020.02.06-06.58.29:265][  0]LogInit: Selected Device Profile: [Windows]
[2020.02.06-06.58.29:265][  0]LogInit: Applying CVar settings loaded from the selected device profile: [Windows]
[2020.02.06-06.58.29:267][  0]LogHAL: Display: Platform has ~ 64 GB [68635185152 / 68719476736 / 64], which maps to Largest [LargestMinGB=32, LargerMinGB=12, DefaultMinGB=8, SmallerMinGB=6, SmallestMinGB=0)
[2020.02.06-06.58.29:267][  0]LogInit: Going up to parent DeviceProfile []
[2020.02.06-06.58.29:267][  0]LogConfig: Applying CVar settings from Section [ViewDistanceQuality@3] File [E:/_辰星專用/DoubleStar_proj/Throne_bluprint/Saved/Config/Windows/Scalability.ini]
[2020.02.06-06.58.29:267][  0]LogConfig: Setting CVar [[r.SkeletalMeshLODBias:0]]
[2020.02.06-06.58.29:267][  0]LogConfig: Setting CVar [[r.ViewDistanceScale:1.0]]
[2020.02.06-06.58.29:267][  0]LogConfig: Applying CVar settings from Section [AntiAliasingQuality@3] File [E:/_辰星專用/DoubleStar_proj/Throne_bluprint/Saved/Config/Windows/Scalability.ini]
[2020.02.06-06.58.29:267][  0]LogConfig: Setting CVar [[r.PostProcessAAQuality:4]]
[2020.02.06-06.58.29:267][  0]LogConfig: Applying CVar settings from Section [ShadowQuality@3] File [E:/_辰星專用/DoubleStar_proj/Throne_bluprint/Saved/Config/Windows/Scalability.ini]
[2020.02.06-06.58.29:267][  0]LogConfig: Setting CVar [[r.LightFunctionQuality:1]]
[2020.02.06-06.58.29:267][  0]LogConfig: Setting CVar [[r.ShadowQuality:5]]
[2020.02.06-06.58.29:267][  0]LogConfig: Setting CVar [[r.Shadow.CSM.MaxCascades:10]]
[2020.02.06-06.58.29:267][  0]LogConfig: Setting CVar [[r.Shadow.MaxResolution:2048]]
[2020.02.06-06.58.29:267][  0]LogConfig: Setting CVar [[r.Shadow.MaxCSMResolution:2048]]
[2020.02.06-06.58.29:267][  0]LogConfig: Setting CVar [[r.Shadow.RadiusThreshold:0.01]]
[2020.02.06-06.58.29:267][  0]LogConfig: Setting CVar [[r.Shadow.DistanceScale:1.0]]
[2020.02.06-06.58.29:267][  0]LogConfig: Setting CVar [[r.Shadow.CSM.TransitionScale:1.0]]
[2020.02.06-06.58.29:267][  0]LogConfig: Setting CVar [[r.Shadow.PreShadowResolutionFactor:1.0]]
[2020.02.06-06.58.29:267][  0]LogConfig: Setting CVar [[r.DistanceFieldShadowing:1]]
[2020.02.06-06.58.29:267][  0]LogConfig: Setting CVar [[r.DistanceFieldAO:1]]
[2020.02.06-06.58.29:267][  0]LogConfig: Setting CVar [[r.AOQuality:2]]
[2020.02.06-06.58.29:267][  0]LogConfig: Setting CVar [[r.VolumetricFog:1]]
[2020.02.06-06.58.29:267][  0]LogConfig: Setting CVar [[r.VolumetricFog.GridPixelSize:8]]
[2020.02.06-06.58.29:267][  0]LogConfig: Setting CVar [[r.VolumetricFog.GridSizeZ:128]]
[2020.02.06-06.58.29:267][  0]LogConfig: Setting CVar [[r.VolumetricFog.HistoryMissSupersampleCount:4]]
[2020.02.06-06.58.29:267][  0]LogConfig: Setting CVar [[r.LightMaxDrawDistanceScale:1]]
[2020.02.06-06.58.29:267][  0]LogConfig: Setting CVar [[r.CapsuleShadows:1]]
[2020.02.06-06.58.29:267][  0]LogConfig: Applying CVar settings from Section [PostProcessQuality@3] File [E:/_辰星專用/DoubleStar_proj/Throne_bluprint/Saved/Config/Windows/Scalability.ini]
[2020.02.06-06.58.29:267][  0]LogConfig: Setting CVar [[r.MotionBlurQuality:4]]
[2020.02.06-06.58.29:267][  0]LogConfig: Setting CVar [[r.AmbientOcclusionMipLevelFactor:0.4]]
[2020.02.06-06.58.29:267][  0]LogConfig: Setting CVar [[r.AmbientOcclusionMaxQuality:100]]
[2020.02.06-06.58.29:267][  0]LogConfig: Setting CVar [[r.AmbientOcclusionLevels:-1]]
[2020.02.06-06.58.29:267][  0]LogConfig: Setting CVar [[r.AmbientOcclusionRadiusScale:1.0]]
[2020.02.06-06.58.29:267][  0]LogConfig: Setting CVar [[r.DepthOfFieldQuality:2]]
[2020.02.06-06.58.29:267][  0]LogConfig: Setting CVar [[r.RenderTargetPoolMin:400]]
[2020.02.06-06.58.29:267][  0]LogConfig: Setting CVar [[r.LensFlareQuality:2]]
[2020.02.06-06.58.29:267][  0]LogConfig: Setting CVar [[r.SceneColorFringeQuality:1]]
[2020.02.06-06.58.29:267][  0]LogConfig: Setting CVar [[r.EyeAdaptationQuality:2]]
[2020.02.06-06.58.29:267][  0]LogConfig: Setting CVar [[r.BloomQuality:5]]
[2020.02.06-06.58.29:267][  0]LogConfig: Setting CVar [[r.FastBlurThreshold:100]]
[2020.02.06-06.58.29:267][  0]LogConfig: Setting CVar [[r.Upscale.Quality:3]]
[2020.02.06-06.58.29:267][  0]LogConfig: Setting CVar [[r.Tonemapper.GrainQuantization:1]]
[2020.02.06-06.58.29:267][  0]LogConfig: Setting CVar [[r.LightShaftQuality:1]]
[2020.02.06-06.58.29:268][  0]LogConfig: Setting CVar [[r.Filter.SizeScale:1]]
[2020.02.06-06.58.29:268][  0]LogConfig: Setting CVar [[r.Tonemapper.Quality:5]]
[2020.02.06-06.58.29:268][  0]LogConfig: Setting CVar [[r.DOF.Gather.AccumulatorQuality:1        ; higher gathering accumulator quality]]
[2020.02.06-06.58.29:268][  0]LogConfig: Setting CVar [[r.DOF.Gather.PostfilterMethod:1          ; Median3x3 postfilering method]]
[2020.02.06-06.58.29:268][  0]LogConfig: Setting CVar [[r.DOF.Gather.EnableBokehSettings:0       ; no bokeh simulation when gathering]]
[2020.02.06-06.58.29:268][  0]LogConfig: Setting CVar [[r.DOF.Gather.RingCount:4                 ; medium number of samples when gathering]]
[2020.02.06-06.58.29:268][  0]LogConfig: Setting CVar [[r.DOF.Scatter.ForegroundCompositing:1    ; additive foreground scattering]]
[2020.02.06-06.58.29:268][  0]LogConfig: Setting CVar [[r.DOF.Scatter.BackgroundCompositing:2    ; additive background scattering]]
[2020.02.06-06.58.29:268][  0]LogConfig: Setting CVar [[r.DOF.Scatter.EnableBokehSettings:1      ; bokeh simulation when scattering]]
[2020.02.06-06.58.29:268][  0]LogConfig: Setting CVar [[r.DOF.Scatter.MaxSpriteRatio:0.1         ; only a maximum of 10% of scattered bokeh]]
[2020.02.06-06.58.29:268][  0]LogConfig: Setting CVar [[r.DOF.Recombine.Quality:1                ; cheap slight out of focus]]
[2020.02.06-06.58.29:268][  0]LogConfig: Setting CVar [[r.DOF.Recombine.EnableBokehSettings:0    ; no bokeh simulation on slight out of focus]]
[2020.02.06-06.58.29:268][  0]LogConfig: Setting CVar [[r.DOF.TemporalAAQuality:1                ; more stable temporal accumulation]]
[2020.02.06-06.58.29:268][  0]LogConfig: Setting CVar [[r.DOF.Kernel.MaxForegroundRadius:0.025]]
[2020.02.06-06.58.29:268][  0]LogConfig: Setting CVar [[r.DOF.Kernel.MaxBackgroundRadius:0.025]]
[2020.02.06-06.58.29:268][  0]LogConfig: Applying CVar settings from Section [TextureQuality@3] File [E:/_辰星專用/DoubleStar_proj/Throne_bluprint/Saved/Config/Windows/Scalability.ini]
[2020.02.06-06.58.29:268][  0]LogConfig: Setting CVar [[r.Streaming.MipBias:0]]
[2020.02.06-06.58.29:268][  0]LogConfig: Setting CVar [[r.Streaming.AmortizeCPUToGPUCopy:0]]
[2020.02.06-06.58.29:268][  0]LogConfig: Setting CVar [[r.Streaming.MaxNumTexturesToStreamPerFrame:0]]
[2020.02.06-06.58.29:268][  0]LogConfig: Setting CVar [[r.Streaming.Boost:1]]
[2020.02.06-06.58.29:268][  0]LogConfig: Setting CVar [[r.MaxAnisotropy:8]]
[2020.02.06-06.58.29:268][  0]LogConfig: Setting CVar [[r.Streaming.LimitPoolSizeToVRAM:0]]
[2020.02.06-06.58.29:268][  0]LogConfig: Setting CVar [[r.Streaming.PoolSize:1000]]
[2020.02.06-06.58.29:268][  0]LogConfig: Setting CVar [[r.Streaming.MaxEffectiveScreenSize:0]]
[2020.02.06-06.58.29:268][  0]LogConfig: Applying CVar settings from Section [EffectsQuality@3] File [E:/_辰星專用/DoubleStar_proj/Throne_bluprint/Saved/Config/Windows/Scalability.ini]
[2020.02.06-06.58.29:268][  0]LogConfig: Setting CVar [[r.TranslucencyLightingVolumeDim:64]]
[2020.02.06-06.58.29:268][  0]LogConfig: Setting CVar [[r.RefractionQuality:2]]
[2020.02.06-06.58.29:268][  0]LogConfig: Setting CVar [[r.SSR.Quality:3]]
[2020.02.06-06.58.29:268][  0]LogConfig: Setting CVar [[r.SceneColorFormat:4]]
[2020.02.06-06.58.29:268][  0]LogConfig: Setting CVar [[r.DetailMode:2]]
[2020.02.06-06.58.29:268][  0]LogConfig: Setting CVar [[r.TranslucencyVolumeBlur:1]]
[2020.02.06-06.58.29:268][  0]LogConfig: Setting CVar [[r.MaterialQualityLevel:1 ; High quality]]
[2020.02.06-06.58.29:268][  0]LogConfig: Setting CVar [[r.SSS.Scale:1]]
[2020.02.06-06.58.29:268][  0]LogConfig: Setting CVar [[r.SSS.SampleSet:2]]
[2020.02.06-06.58.29:268][  0]LogConfig: Setting CVar [[r.SSS.Quality:1]]
[2020.02.06-06.58.29:268][  0]LogConfig: Setting CVar [[r.SSS.HalfRes:1]]
[2020.02.06-06.58.29:268][  0]LogConfig: Setting CVar [[r.EmitterSpawnRateScale:1.0]]
[2020.02.06-06.58.29:268][  0]LogConfig: Setting CVar [[r.ParticleLightQuality:2]]
[2020.02.06-06.58.29:268][  0]LogConfig: Applying CVar settings from Section [FoliageQuality@3] File [E:/_辰星專用/DoubleStar_proj/Throne_bluprint/Saved/Config/Windows/Scalability.ini]
[2020.02.06-06.58.29:268][  0]LogConfig: Setting CVar [[foliage.DensityScale:1.0]]
[2020.02.06-06.58.29:268][  0]LogConfig: Setting CVar [[grass.DensityScale:1.0]]
[2020.02.06-06.58.29:268][  0]LogConfig: Applying CVar settings from Section [Startup] File [../../../Engine/Config/ConsoleVariables.ini]
[2020.02.06-06.58.29:268][  0]LogConfig: Setting CVar [[net.UseAdaptiveNetUpdateFrequency:0]]
[2020.02.06-06.58.29:268][  0]LogConfig: Setting CVar [[p.chaos.AllowCreatePhysxBodies:1]]
[2020.02.06-06.58.29:268][  0]LogConfig: Applying CVar settings from Section [ConsoleVariables] File [E:/_辰星專用/DoubleStar_proj/Throne_bluprint/Saved/Config/Windows/Engine.ini]
[2020.02.06-06.58.29:268][  0]LogInit: Computer: MKT-SHADWN
[2020.02.06-06.58.29:268][  0]LogInit: User: shadwn
[2020.02.06-06.58.29:268][  0]LogInit: CPU Page size=4096, Cores=8
[2020.02.06-06.58.29:268][  0]LogInit: High frequency timer resolution =10.000000 MHz
[2020.02.06-06.58.29:268][  0]LogMemory: Memory total: Physical=63.9GB (64GB approx)
[2020.02.06-06.58.29:268][  0]LogMemory: Platform Memory Stats for Windows
[2020.02.06-06.58.29:268][  0]LogMemory: Process Physical Memory: 100.52 MB used, 100.52 MB peak
[2020.02.06-06.58.29:268][  0]LogMemory: Process Virtual Memory: 89.07 MB used, 89.07 MB peak
[2020.02.06-06.58.29:268][  0]LogMemory: Physical Memory: 7721.87 MB used,  57733.75 MB free, 65455.61 MB total
[2020.02.06-06.58.29:268][  0]LogMemory: Virtual Memory: 4675.64 MB used,  134213056.00 MB free, 134217728.00 MB total
[2020.02.06-06.58.29:270][  0]LogWindows: WindowsPlatformFeatures enabled
[2020.02.06-06.58.29:285][  0]LogInit: Using OS detected language (zh-TW).
[2020.02.06-06.58.29:285][  0]LogInit: Using OS detected locale (zh-TW).
[2020.02.06-06.58.29:286][  0]LogTextLocalizationManager: No localization for 'zh-TW' exists, so 'en' will be used for the language.
[2020.02.06-06.58.29:402][  0]LogInit: Setting process to per monitor DPI aware
[2020.02.06-06.58.29:451][  0]LogSlate: New Slate User Created.  User Index 0, Is Virtual User: 0
[2020.02.06-06.58.29:451][  0]LogSlate: Slate User Registered.  User Index 0, Is Virtual User: 0
[2020.02.06-06.58.29:583][  0]LogHMD: Failed to initialize OpenVR with code 110
[2020.02.06-06.58.29:583][  0]LogD3D11RHI: D3D11 adapters:
[2020.02.06-06.58.29:647][  0]LogD3D11RHI:    0. 'NVIDIA GeForce RTX 2060' (Feature Level 11_0)
[2020.02.06-06.58.29:647][  0]LogD3D11RHI:       5980/0/32727 MB DedicatedVideo/DedicatedSystem/SharedSystem, Outputs:2, VendorId:0x10de
[2020.02.06-06.58.29:649][  0]LogD3D11RHI:    1. 'Microsoft Basic Render Driver' (Feature Level 11_0)
[2020.02.06-06.58.29:649][  0]LogD3D11RHI:       0/0/32727 MB DedicatedVideo/DedicatedSystem/SharedSystem, Outputs:0, VendorId:0x1414
[2020.02.06-06.58.29:649][  0]LogD3D11RHI: Chosen D3D11 Adapter: 0
[2020.02.06-06.58.29:654][  0]LogD3D11RHI: Creating new Direct3DDevice
[2020.02.06-06.58.29:654][  0]LogD3D11RHI:     GPU DeviceId: 0x1f08 (for the marketing name, search the web for "GPU Device Id")
[2020.02.06-06.58.29:654][  0]LogWindows: EnumDisplayDevices:
[2020.02.06-06.58.29:654][  0]LogWindows:    0. 'NVIDIA GeForce RTX 2060' (P:1 D:1)
[2020.02.06-06.58.29:654][  0]LogWindows:    1. 'NVIDIA GeForce RTX 2060' (P:0 D:1)
[2020.02.06-06.58.29:654][  0]LogWindows:    2. 'NVIDIA GeForce RTX 2060' (P:0 D:0)
[2020.02.06-06.58.29:654][  0]LogWindows:    3. 'NVIDIA GeForce RTX 2060' (P:0 D:0)
[2020.02.06-06.58.29:654][  0]LogWindows: DebugString: FoundDriverCount:4 
[2020.02.06-06.58.29:654][  0]LogD3D11RHI:     Adapter Name: NVIDIA GeForce RTX 2060
[2020.02.06-06.58.29:654][  0]LogD3D11RHI:   Driver Version: 440.97 (internal:26.21.14.4097, unified:440.97)
[2020.02.06-06.58.29:654][  0]LogD3D11RHI:      Driver Date: 10-16-2019
[2020.02.06-06.58.29:654][  0]LogRHI: Texture pool is 4186 MB (70% of 5980 MB)
[2020.02.06-06.58.29:691][  0]LogD3D11RHI: Async texture creation enabled
[2020.02.06-06.58.29:700][  0]LogD3D11RHI: GPU Timing Frequency: 1000.000000 (Debug: 2 1)
[2020.02.06-06.58.29:934][  0]LogTemp: Display: Module 'AllDesktopTargetPlatform' loaded TargetPlatform 'AllDesktop'
[2020.02.06-06.58.29:941][  0]LogTemp: Display: Module 'MacClientTargetPlatform' loaded TargetPlatform 'MacClient'
[2020.02.06-06.58.29:947][  0]LogTemp: Display: Module 'MacNoEditorTargetPlatform' loaded TargetPlatform 'MacNoEditor'
[2020.02.06-06.58.29:954][  0]LogTemp: Display: Module 'MacServerTargetPlatform' loaded TargetPlatform 'MacServer'
[2020.02.06-06.58.29:961][  0]LogTemp: Display: Module 'MacTargetPlatform' loaded TargetPlatform 'Mac'
[2020.02.06-06.58.29:968][  0]LogTemp: Display: Module 'WindowsClientTargetPlatform' loaded TargetPlatform 'WindowsClient'
[2020.02.06-06.58.29:974][  0]LogTemp: Display: Module 'WindowsNoEditorTargetPlatform' loaded TargetPlatform 'WindowsNoEditor'
[2020.02.06-06.58.29:981][  0]LogTemp: Display: Module 'WindowsServerTargetPlatform' loaded TargetPlatform 'WindowsServer'
[2020.02.06-06.58.29:985][  0]LogTemp: Display: Module 'WindowsTargetPlatform' loaded TargetPlatform 'Windows'
[2020.02.06-06.58.30:009][  0]LogTemp: Display: Module 'AndroidTargetPlatform' loaded TargetPlatform 'Android'
[2020.02.06-06.58.30:009][  0]LogTemp: Display: Module 'AndroidTargetPlatform' loaded TargetPlatform 'Android_ASTC'
[2020.02.06-06.58.30:009][  0]LogTemp: Display: Module 'AndroidTargetPlatform' loaded TargetPlatform 'Android_ATC'
[2020.02.06-06.58.30:009][  0]LogTemp: Display: Module 'AndroidTargetPlatform' loaded TargetPlatform 'Android_DXT'
[2020.02.06-06.58.30:009][  0]LogTemp: Display: Module 'AndroidTargetPlatform' loaded TargetPlatform 'Android_ETC1'
[2020.02.06-06.58.30:009][  0]LogTemp: Display: Module 'AndroidTargetPlatform' loaded TargetPlatform 'Android_ETC1a'
[2020.02.06-06.58.30:009][  0]LogTemp: Display: Module 'AndroidTargetPlatform' loaded TargetPlatform 'Android_ETC2'
[2020.02.06-06.58.30:009][  0]LogTemp: Display: Module 'AndroidTargetPlatform' loaded TargetPlatform 'Android_PVRTC'
[2020.02.06-06.58.30:009][  0]LogTemp: Display: Module 'AndroidTargetPlatform' loaded TargetPlatform 'AndroidClient'
[2020.02.06-06.58.30:009][  0]LogTemp: Display: Module 'AndroidTargetPlatform' loaded TargetPlatform 'Android_ASTCClient'
[2020.02.06-06.58.30:009][  0]LogTemp: Display: Module 'AndroidTargetPlatform' loaded TargetPlatform 'Android_ATCClient'
[2020.02.06-06.58.30:009][  0]LogTemp: Display: Module 'AndroidTargetPlatform' loaded TargetPlatform 'Android_DXTClient'
[2020.02.06-06.58.30:009][  0]LogTemp: Display: Module 'AndroidTargetPlatform' loaded TargetPlatform 'Android_ETC1Client'
[2020.02.06-06.58.30:009][  0]LogTemp: Display: Module 'AndroidTargetPlatform' loaded TargetPlatform 'Android_ETC1aClient'
[2020.02.06-06.58.30:009][  0]LogTemp: Display: Module 'AndroidTargetPlatform' loaded TargetPlatform 'Android_ETC2Client'
[2020.02.06-06.58.30:009][  0]LogTemp: Display: Module 'AndroidTargetPlatform' loaded TargetPlatform 'Android_PVRTCClient'
[2020.02.06-06.58.30:009][  0]LogTemp: Display: Module 'AndroidTargetPlatform' loaded TargetPlatform 'Android_Multi'
[2020.02.06-06.58.30:009][  0]LogTemp: Display: Module 'AndroidTargetPlatform' loaded TargetPlatform 'Android_MultiClient'
[2020.02.06-06.58.30:011][  0]LogTemp: Display: Module 'HTML5TargetPlatform' loaded TargetPlatform 'HTML5'
[2020.02.06-06.58.30:024][  0]LogTemp: Display: Module 'IOSTargetPlatform' loaded TargetPlatform 'IOSClient'
[2020.02.06-06.58.30:024][  0]LogTemp: Display: Module 'IOSTargetPlatform' loaded TargetPlatform 'IOS'
[2020.02.06-06.58.30:034][  0]LogTemp: Display: Module 'TVOSTargetPlatform' loaded TargetPlatform 'TVOSClient'
[2020.02.06-06.58.30:034][  0]LogTemp: Display: Module 'TVOSTargetPlatform' loaded TargetPlatform 'TVOS'
[2020.02.06-06.58.30:039][  0]LogTemp: Display: Module 'LinuxClientTargetPlatform' loaded TargetPlatform 'LinuxClient'
[2020.02.06-06.58.30:044][  0]LogTemp: Display: Module 'LinuxNoEditorTargetPlatform' loaded TargetPlatform 'LinuxNoEditor'
[2020.02.06-06.58.30:049][  0]LogTemp: Display: Module 'LinuxServerTargetPlatform' loaded TargetPlatform 'LinuxServer'
[2020.02.06-06.58.30:055][  0]LogTemp: Display: Module 'LinuxTargetPlatform' loaded TargetPlatform 'Linux'
[2020.02.06-06.58.30:073][  0]LogTemp: Display: Module 'LuminTargetPlatform' loaded TargetPlatform 'Lumin'
[2020.02.06-06.58.30:073][  0]LogTemp: Display: Module 'LuminTargetPlatform' loaded TargetPlatform 'LuminClient'
[2020.02.06-06.58.30:073][  0]LogTargetPlatformManager: Display: Building Assets For Windows
[2020.02.06-06.58.30:080][  0]LogAudioDebug: Display: Lib vorbis DLL was dynamically loaded.
[2020.02.06-06.58.30:119][  0]LogShaderCompilers: Guid format shader working directory is 7 characters bigger than the processId version (E:/_辰星專用/DoubleStar_proj/Throne_bluprint/Intermediate/Shaders/WorkingDirectory/8684/).
[2020.02.06-06.58.30:120][  0]LogShaderCompilers: Cleaned the shader compiler working directory 'C:/Users/shadwn/AppData/Local/Temp/UnrealShaderWorkingDir/09DC27814F402C0EE7CC7A98844E0C4F/'.
[2020.02.06-06.58.30:122][  0]LogXGEController: Cannot use XGE Controller as Incredibuild is not installed on this machine.
[2020.02.06-06.58.30:122][  0]LogShaderCompilers: Cannot use XGE Shader Compiler as Incredibuild is not installed on this machine.
[2020.02.06-06.58.30:122][  0]LogShaderCompilers: Display: Using Local Shader Compiler.
[2020.02.06-06.58.30:589][  0]LogDerivedDataCache: Display: Max Cache Size: 512 MB
[2020.02.06-06.58.30:625][  0]LogDerivedDataCache: Loaded boot cache 0.04s 74MB C:/Users/shadwn/AppData/Local/UnrealEngine/4.23/DerivedDataCache/Boot.ddc.
[2020.02.06-06.58.30:625][  0]LogDerivedDataCache: Display: Loaded Boot cache: C:/Users/shadwn/AppData/Local/UnrealEngine/4.23/DerivedDataCache/Boot.ddc
[2020.02.06-06.58.30:625][  0]LogDerivedDataCache: FDerivedDataBackendGraph:  Pak pak cache file E:/_辰星專用/DoubleStar_proj/Throne_bluprint/DerivedDataCache/DDC.ddp not found, will not use a pak cache.
[2020.02.06-06.58.30:625][  0]LogDerivedDataCache: Unable to find inner node Pak for hierarchical cache Hierarchy.
[2020.02.06-06.58.30:625][  0]LogDerivedDataCache: FDerivedDataBackendGraph:  CompressedPak pak cache file E:/_辰星專用/DoubleStar_proj/Throne_bluprint/DerivedDataCache/Compressed.ddp not found, will not use a pak cache.
[2020.02.06-06.58.30:625][  0]LogDerivedDataCache: Unable to find inner node CompressedPak for hierarchical cache Hierarchy.
[2020.02.06-06.58.30:634][  0]LogDerivedDataCache: Display: Pak cache opened for reading ../../../Engine/DerivedDataCache/Compressed.ddp.
[2020.02.06-06.58.30:635][  0]LogDerivedDataCache: Display: Pak cache opened for reading ../../../Enterprise/DerivedDataCache/Compressed.ddp.
[2020.02.06-06.58.30:638][  0]LogDerivedDataCache: Using Local data cache path C:/Users/shadwn/AppData/Local/UnrealEngine/Common/DerivedDataCache: Writable
[2020.02.06-06.58.30:638][  0]LogDerivedDataCache: Shared data cache path not found in *engine.ini, will not use an Shared cache.
[2020.02.06-06.58.30:638][  0]LogDerivedDataCache: Unable to find inner node Shared for hierarchical cache Hierarchy.
[2020.02.06-06.58.30:654][  0]LogMaterial: Verifying Global Shaders for PCD3D_SM5
[2020.02.06-06.58.30:655][  0]LogSlate: Using FreeType 2.6.0
[2020.02.06-06.58.30:656][  0]LogSlate: SlateFontServices - WITH_FREETYPE: 1, WITH_HARFBUZZ: 1
[2020.02.06-06.58.30:701][  0]LogAssetRegistry: FAssetRegistry took 0.0018 seconds to start up
[2020.02.06-06.58.30:888][  0]LogInit: Selected Device Profile: [Windows]
[2020.02.06-06.58.31:001][  0]LogMeshReduction: Using QuadricMeshReduction for automatic static mesh reduction
[2020.02.06-06.58.31:001][  0]LogMeshReduction: Using SimplygonMeshReduction for automatic skeletal mesh reduction
[2020.02.06-06.58.31:001][  0]LogMeshReduction: Using ProxyLODMeshReduction for automatic mesh merging
[2020.02.06-06.58.31:001][  0]LogMeshReduction: No distributed automatic mesh merging module available
[2020.02.06-06.58.31:001][  0]LogMeshMerging: No distributed automatic mesh merging module available
[2020.02.06-06.58.31:008][  0]LogNetVersion: Throne_bluprint 1.0.0, NetCL: 8386587, EngineNetVer: 11, GameNetVer: 0 (Checksum: 423519198)
[2020.02.06-06.58.31:344][  0]LogPackageLocalizationCache: Processed 19 localized package path(s) for 1 prioritized culture(s) in 0.065929 seconds
[2020.02.06-06.58.31:350][  0]LogUObjectArray: 43444 objects as part of root set at end of initial load.
[2020.02.06-06.58.31:350][  0]LogUObjectAllocator: 7548648 out of 0 bytes used by permanent object pool.
[2020.02.06-06.58.31:350][  0]LogUObjectArray: CloseDisregardForGC: 0/0 objects in disregard for GC pool
[2020.02.06-06.58.32:041][  0]LogTcpMessaging: Initializing TcpMessaging bridge
[2020.02.06-06.58.32:075][  0]LogUdpMessaging: Initializing bridge on interface 0.0.0.0:0 to multicast group 230.0.0.1:6666.
[2020.02.06-06.58.32:117][  0]SourceControl: Source control is disabled
[2020.02.06-06.58.32:117][  0]SourceControl: Source control is disabled
[2020.02.06-06.58.32:118][  0]SourceControl: Source control is disabled
[2020.02.06-06.58.32:119][  0]SourceControl: Source control is disabled
[2020.02.06-06.58.32:251][  0]LogAndroidPermission: UAndroidPermissionCallbackProxy::GetInstance
[2020.02.06-06.58.32:329][  0]LogHoudiniEngine: Starting the Houdini Engine module.
[2020.02.06-06.58.32:329][  0]LogHoudiniEngine: Loaded libHAPIL.dll from Registry path C:/Program Files/Side Effects Software/Houdini 17.5.425/bin
[2020.02.06-06.58.32:330][  0]LogLinker: Warning: Asset '../../Plugins/Runtime/HoudiniEngine/Content/houdini_logo.uasset' has been saved with empty engine version. The asset will be loaded but may be incompatible.
[2020.02.06-06.58.32:331][  0]LogLinker: Warning: Asset '../../Plugins/Runtime/HoudiniEngine/Content/houdini_default_material.uasset' has been saved with empty engine version. The asset will be loaded but may be incompatible.
[2020.02.06-06.58.32:336][  0]LogLinker: Warning: Asset '../../Plugins/Runtime/HoudiniEngine/Content/houdini_bgeo_import.uasset' has been saved with empty engine version. The asset will be loaded but may be incompatible.
[2020.02.06-06.58.32:340][  0]LogOcInput: OculusInput pre-init called
[2020.02.06-06.58.32:346][  0]LogWindows: Failed to load 'OVRPlugin.dll' (GetLastError=126)
[2020.02.06-06.58.32:346][  0]LogWindows: File 'OVRPlugin.dll' does not exist
[2020.02.06-06.58.34:797][  0]LogEngine: Initializing Engine...
[2020.02.06-06.58.34:798][  0]LogHMD: Failed to initialize OpenVR with code 110
[2020.02.06-06.58.34:799][  0]LogStats: UGameplayTagsManager::InitializeManager -  0.000 s
[2020.02.06-06.58.34:962][  0]LogInit: Initializing FReadOnlyCVARCache
[2020.02.06-06.58.34:972][  0]LogAIModule: Creating AISystem for world Untitled
[2020.02.06-06.58.34:986][  0]LogInit: XAudio2 using '喇叭 (Realtek High Definition Audio)' : 2 channels at 48 kHz using 32 bits per sample (channel mask 0x3)
[2020.02.06-06.58.35:002][  0]LogInit: FAudioDevice initialized.
[2020.02.06-06.58.35:002][  0]LogNetVersion: Set ProjectVersion to 1.0.0.0. Version Checksum will be recalculated on next use.
[2020.02.06-06.58.35:044][  0]LogDerivedDataCache: Saved boot cache 0.04s 74MB C:/Users/shadwn/AppData/Local/UnrealEngine/4.23/DerivedDataCache/Boot.ddc.
[2020.02.06-06.58.35:055][  0]LogInit: Texture streaming: Enabled
[2020.02.06-06.58.35:070][  0]LogEngineSessionManager: EngineSessionManager initialized
[2020.02.06-06.58.35:070][  0]LogEditorSessionSummary: Verbose: Initializing EditorSessionSummaryWriter for editor session tracking
[2020.02.06-06.58.35:071][  0]LogEditorSessionSummary: EditorSessionSummaryWriter initialized
[2020.02.06-06.58.35:093][  0]LogInit: Transaction tracking system initialized
[2020.02.06-06.58.35:116][  0]BlueprintLog: New page: Editor Load
[2020.02.06-06.58.35:210][  0]LocalizationService: Localization service is disabled
[2020.02.06-06.58.35:421][  0]LogFileCache: Scanning file cache for directory 'E:/_辰星專用/DoubleStar_proj/Throne_bluprint/Content/' took 0.00s
[2020.02.06-06.58.35:421][  0]LogCook: Display: Max memory allowance for cook 16384mb min free memory 0mb
[2020.02.06-06.58.35:421][  0]LogCook: Display: Mobile HDR setting 1
[2020.02.06-06.58.35:494][  0]LogHoudiniEngineEditor: Starting the Houdini Engine Editor module.
[2020.02.06-06.58.35:495][  0]LogHoudiniEngineEditor: Houdini Engine Editor module startup complete.
[2020.02.06-06.58.36:666][  0]SourceControl: Source control is disabled
[2020.02.06-06.58.36:666][  0]Cmd: MAP LOAD FILE="../../../Engine/Content/Maps/Templates/Template_Default.umap" TEMPLATE=1 SHOWPROGRESS=1 FEATURELEVEL=3
[2020.02.06-06.58.36:666][  0]LightingResults: New page: Lighting Build
[2020.02.06-06.58.36:668][  0]LogWorld: UWorld::CleanupWorld for Untitled, bSessionEnded=true, bCleanupResources=true
[2020.02.06-06.58.36:668][  0]MapCheck: New page: Map Check
[2020.02.06-06.58.36:668][  0]LightingResults: New page: Lighting Build
[2020.02.06-06.58.36:693][  0]LogUObjectHash: Compacting FUObjectHashTables data took   1.28ms
[2020.02.06-06.58.36:749][  0]LogAIModule: Creating AISystem for world Untitled_1
[2020.02.06-06.58.36:752][  0]LogEditorServer: Finished looking for orphan Actors (0.000 secs)
[2020.02.06-06.58.36:776][  0]LogUObjectHash: Compacting FUObjectHashTables data took   1.54ms
[2020.02.06-06.58.36:776][  0]Cmd: MAP CHECKDEP NOCLEARLOG
[2020.02.06-06.58.36:776][  0]MapCheck: Map check complete: 0 Error(s), 0 Warning(s), took 0.075ms to complete.
[2020.02.06-06.58.36:776][  0]LogFileHelpers: Loading map 'Template_Default' took 0.110
[2020.02.06-06.58.36:859][  0]LogSlate: Updating window title bar state: overlay mode, drag disabled, window buttons hidden, title bar hidden
[2020.02.06-06.58.36:863][  0]LogSlate: Updating window title bar state: overlay mode, drag disabled, window buttons hidden, title bar hidden
[2020.02.06-06.58.36:868][  0]LogSlate: Updating window title bar state: overlay mode, drag disabled, window buttons hidden, title bar hidden
[2020.02.06-06.58.36:873][  0]LogSlate: Updating window title bar state: overlay mode, drag disabled, window buttons hidden, title bar hidden
[2020.02.06-06.58.36:878][  0]LogCollectionManager: Loaded 0 collections in 0.001153 seconds
[2020.02.06-06.58.36:896][  0]LogFileCache: Scanning file cache for directory 'E:/_辰星專用/DoubleStar_proj/Throne_bluprint/Saved/Collections/' took 0.00s
[2020.02.06-06.58.36:896][  0]LogFileCache: Scanning file cache for directory 'E:/_辰星專用/DoubleStar_proj/Throne_bluprint/Content/Developers/shadwn/Collections/' took 0.00s
[2020.02.06-06.58.36:896][  0]LogFileCache: Scanning file cache for directory 'E:/_辰星專用/DoubleStar_proj/Throne_bluprint/Content/Collections/' took 0.00s
[2020.02.06-06.58.36:896][  0]LogCollectionManager: Rebuilt the GUID cache for 0 collections in 0.000001 seconds
[2020.02.06-06.58.36:903][  0]LogContentBrowser: Native class hierarchy populated in 0.0067 seconds. Added 3082 classes and 772 folders.
[2020.02.06-06.58.36:908][  0]LogContentBrowser: Native class hierarchy updated for 'WidgetCarousel' in 0.0002 seconds. Added 0 classes and 0 folders.
[2020.02.06-06.58.36:948][  0]LogContentBrowser: Native class hierarchy updated for 'AddContentDialog' in 0.0002 seconds. Added 0 classes and 0 folders.
[2020.02.06-06.58.36:950][  0]LogContentBrowser: Native class hierarchy updated for 'SceneOutliner' in 0.0002 seconds. Added 1 classes and 0 folders.
[2020.02.06-06.58.36:992][  0]LogSlate: Took 0.000155 seconds to synchronously load lazily loaded font '../../../Engine/Content/Slate/Fonts/Roboto-Regular.ttf' (155K)
[2020.02.06-06.58.36:994][  0]LogSlate: Took 0.000124 seconds to synchronously load lazily loaded font '../../../Engine/Content/Slate/Fonts/Roboto-Bold.ttf' (160K)
[2020.02.06-06.58.36:996][  0]LogSlate: Took 0.000136 seconds to synchronously load lazily loaded font '../../../Engine/Content/Editor/Slate/Fonts/FontAwesome.ttf' (139K)
[2020.02.06-06.58.37:034][  0]LogRenderer: Reallocating scene render targets to support 912x440 Format 10 NumSamples 1 (Frame:1).
[2020.02.06-06.58.37:116][  0]LogContentBrowser: Native class hierarchy updated for 'HierarchicalLODOutliner' in 0.0002 seconds. Added 0 classes and 0 folders.
[2020.02.06-06.58.37:116][  0]LogLoad: (Engine Initialization) Total time: 8.86 seconds
[2020.02.06-06.58.37:116][  0]LogLoad: (Engine Initialization) Total Blueprint compile time: 0.00 seconds
[2020.02.06-06.58.37:158][  0]LogAssetRegistry: Asset discovery search completed in 6.4570 seconds
[2020.02.06-06.58.37:160][  0]LogCollectionManager: Rebuilt the object cache for 0 collections in 0.000003 seconds (found 0 objects)
[2020.02.06-06.58.37:160][  0]LogCollectionManager: Fixed up redirectors for 0 collections in 0.000032 seconds (updated 0 objects)
[2020.02.06-06.58.37:161][  0]LogContentStreaming: Texture pool size now 1000 MB
[2020.02.06-06.58.37:171][  0]LogSlate: Took 0.000121 seconds to synchronously load lazily loaded font '../../../Engine/Content/Slate/Fonts/Roboto-Light.ttf' (167K)
[2020.02.06-06.58.39:578][274]LogSlate: FSceneViewport::OnFocusLost() reason 0
[2020.02.06-06.58.41:170][465]LogSlate: FSceneViewport::OnFocusLost() reason 0
[2020.02.06-06.58.43:680][766]LogRenderer: Reallocating scene render targets to support 912x444 Format 10 NumSamples 1 (Frame:725).
[2020.02.06-06.58.43:691][767]LogRenderer: Reallocating scene render targets to support 912x448 Format 10 NumSamples 1 (Frame:727).
[2020.02.06-06.58.43:702][768]LogRenderer: Reallocating scene render targets to support 912x460 Format 10 NumSamples 1 (Frame:729).
[2020.02.06-06.58.43:712][769]LogRenderer: Reallocating scene render targets to support 912x464 Format 10 NumSamples 1 (Frame:731).
[2020.02.06-06.58.43:722][770]LogRenderer: Reallocating scene render targets to support 912x468 Format 10 NumSamples 1 (Frame:733).
[2020.02.06-06.58.43:732][771]LogRenderer: Reallocating scene render targets to support 912x480 Format 10 NumSamples 1 (Frame:735).
[2020.02.06-06.58.43:753][773]LogRenderer: Reallocating scene render targets to support 912x484 Format 10 NumSamples 1 (Frame:739).
[2020.02.06-06.58.43:764][774]LogRenderer: Reallocating scene render targets to support 912x488 Format 10 NumSamples 1 (Frame:741).
[2020.02.06-06.58.43:775][775]LogRenderer: Reallocating scene render targets to support 912x492 Format 10 NumSamples 1 (Frame:743).
[2020.02.06-06.58.44:442][855]LogEditorViewport: Clicking on Actor (LMB): BP_Sky_Sphere_C (Sky Sphere)
[2020.02.06-06.58.45:858][ 23]LogSlate: FSceneViewport::OnFocusLost() reason 0
[2020.02.06-06.58.45:964][ 33]LogUObjectHash: Compacting FUObjectHashTables data took   0.54ms
[2020.02.06-06.58.49:518][459]LogSlate: FSceneViewport::OnFocusLost() reason 0
[2020.02.06-06.58.49:625][469]LogUObjectHash: Compacting FUObjectHashTables data took   0.51ms
[2020.02.06-06.58.49:660][469]LogSlate: Window 'Throne_bluprint - Unreal Editor' being destroyed
[2020.02.06-06.58.49:662][469]LogWindowsTextInputMethodSystem: Display: IME system now activated using TSF (微軟注音).
[2020.02.06-06.58.49:747][470]Cmd: QUIT_EDITOR
[2020.02.06-06.58.49:769][470]LogExit: Preparing to exit.
[2020.02.06-06.58.50:104][470]LogDemo: Cleaned up 0 splitscreen connections with owner deletion
[2020.02.06-06.58.50:111][470]LogWorld: UWorld::CleanupWorld for None, bSessionEnded=true, bCleanupResources=true
[2020.02.06-06.58.50:111][470]LogExit: Editor shut down
[2020.02.06-06.58.50:111][470]LogExit: Transaction tracking system shut down
[2020.02.06-06.58.50:334][470]LogExit: Object subsystem successfully closed.
[2020.02.06-06.58.50:355][470]LogShaderCompilers: Display: Shaders left to compile 0
[2020.02.06-06.58.50:382][470]LogModuleManager: Shutting down and abandoning module HierarchicalLODOutliner (734)
[2020.02.06-06.58.50:382][470]LogModuleManager: Shutting down and abandoning module SceneOutliner (732)
[2020.02.06-06.58.50:382][470]LogModuleManager: Shutting down and abandoning module AddContentDialog (730)
[2020.02.06-06.58.50:382][470]LogModuleManager: Shutting down and abandoning module WidgetCarousel (729)
[2020.02.06-06.58.50:382][470]LogModuleManager: Shutting down and abandoning module EditorWidgets (726)
[2020.02.06-06.58.50:382][470]LogModuleManager: Shutting down and abandoning module CollectionManager (724)
[2020.02.06-06.58.50:382][470]LogModuleManager: Shutting down and abandoning module HierarchicalLODUtilities (722)
[2020.02.06-06.58.50:382][470]LogModuleManager: Shutting down and abandoning module StatsViewer (720)
[2020.02.06-06.58.50:382][470]LogModuleManager: Shutting down and abandoning module VirtualTexturingEditor (718)
[2020.02.06-06.58.50:382][470]LogModuleManager: Shutting down and abandoning module FoliageEdit (716)
[2020.02.06-06.58.50:382][470]LogModuleManager: Shutting down and abandoning module LandscapeEditor (714)
[2020.02.06-06.58.50:382][470]LogModuleManager: Shutting down and abandoning module MeshPaintMode (712)
[2020.02.06-06.58.50:382][470]LogModuleManager: Shutting down and abandoning module SceneDepthPickerMode (710)
[2020.02.06-06.58.50:382][470]LogModuleManager: Shutting down and abandoning module ActorPickerMode (708)
[2020.02.06-06.58.50:382][470]LogModuleManager: Shutting down and abandoning module GeometryMode (706)
[2020.02.06-06.58.50:382][470]LogModuleManager: Shutting down and abandoning module TextureAlignMode (704)
[2020.02.06-06.58.50:382][470]LogModuleManager: Shutting down and abandoning module BspMode (702)
[2020.02.06-06.58.50:382][470]LogModuleManager: Shutting down and abandoning module PIEPreviewDeviceProfileSelector (700)
[2020.02.06-06.58.50:382][470]LogModuleManager: Shutting down and abandoning module SequenceRecorderSections (698)
[2020.02.06-06.58.50:382][470]LogModuleManager: Shutting down and abandoning module AutomationWorker (696)
[2020.02.06-06.58.50:382][470]LogModuleManager: Shutting down and abandoning module DatasmithFBXImporter (694)
[2020.02.06-06.58.50:382][470]LogModuleManager: Shutting down and abandoning module DatasmithDeltaGenImporter (692)
[2020.02.06-06.58.50:382][470]LogModuleManager: Shutting down and abandoning module DatasmithVREDImporter (690)
[2020.02.06-06.58.50:382][470]LogModuleManager: Shutting down and abandoning module OculusMR (688)
[2020.02.06-06.58.50:382][470]LogModuleManager: Shutting down and abandoning module HoudiniEngineEditor (686)
[2020.02.06-06.58.50:382][470]LogHoudiniEngineEditor: Shutting down the Houdini Engine Editor module.
[2020.02.06-06.58.50:382][470]LogHoudiniEngineEditor: Houdini Engine Editor module shutdown complete.
[2020.02.06-06.58.50:382][470]LogModuleManager: Shutting down and abandoning module AudioCaptureEditor (684)
[2020.02.06-06.58.50:382][470]LogModuleManager: Shutting down and abandoning module MatineeToLevelSequence (682)
[2020.02.06-06.58.50:383][470]LogModuleManager: Shutting down and abandoning module LevelSequenceEditor (680)
[2020.02.06-06.58.50:383][470]LogModuleManager: Shutting down and abandoning module PlacementMode (679)
[2020.02.06-06.58.50:383][470]LogModuleManager: Shutting down and abandoning module MaterialEditor (678)
[2020.02.06-06.58.50:383][470]LogModuleManager: Shutting down and abandoning module ActorSequenceEditor (674)
[2020.02.06-06.58.50:383][470]LogModuleManager: Shutting down and abandoning module WmfMediaFactory (672)
[2020.02.06-06.58.50:383][470]LogModuleManager: Shutting down and abandoning module WmfMediaEditor (670)
[2020.02.06-06.58.50:383][470]LogModuleManager: Shutting down and abandoning module WebMMediaFactory (668)
[2020.02.06-06.58.50:383][470]LogModuleManager: Shutting down and abandoning module WebMMediaEditor (666)
[2020.02.06-06.58.50:383][470]LogModuleManager: Shutting down and abandoning module WebMMedia (664)
[2020.02.06-06.58.50:383][470]LogModuleManager: Shutting down and abandoning module MediaPlayerEditor (662)
[2020.02.06-06.58.50:383][470]LogModuleManager: Shutting down and abandoning module MediaCompositingEditor (660)
[2020.02.06-06.58.50:383][470]LogModuleManager: Shutting down and abandoning module SequenceRecorder (659)
[2020.02.06-06.58.50:383][470]LogModuleManager: Shutting down and abandoning module OpenExrWrapper (656)
[2020.02.06-06.58.50:383][470]LogModuleManager: Shutting down and abandoning module ImgMediaFactory (654)
[2020.02.06-06.58.50:383][470]LogModuleManager: Shutting down and abandoning module ImgMediaEditor (652)
[2020.02.06-06.58.50:383][470]LogModuleManager: Shutting down and abandoning module AvfMediaFactory (650)
[2020.02.06-06.58.50:383][470]LogModuleManager: Shutting down and abandoning module AvfMediaEditor (648)
[2020.02.06-06.58.50:383][470]LogModuleManager: Shutting down and abandoning module AndroidMediaFactory (646)
[2020.02.06-06.58.50:383][470]LogModuleManager: Shutting down and abandoning module AndroidMediaEditor (644)
[2020.02.06-06.58.50:383][470]LogModuleManager: Shutting down and abandoning module MagicLeapCameraPreviewFactory (642)
[2020.02.06-06.58.50:383][470]LogModuleManager: Shutting down and abandoning module MagicLeapMediaCodecFactory (640)
[2020.02.06-06.58.50:383][470]LogModuleManager: Shutting down and abandoning module MagicLeapMediaFactory (638)
[2020.02.06-06.58.50:383][470]LogModuleManager: Shutting down and abandoning module MagicLeapMediaEditor (636)
[2020.02.06-06.58.50:383][470]LogModuleManager: Shutting down and abandoning module CharacterAI (634)
[2020.02.06-06.58.50:383][470]LogModuleManager: Shutting down and abandoning module SmartSnapping (632)
[2020.02.06-06.58.50:383][470]LogModuleManager: Shutting down and abandoning module SessionServices (630)
[2020.02.06-06.58.50:383][470]LogModuleManager: Shutting down and abandoning module MeshPaint (628)
[2020.02.06-06.58.50:383][470]LogModuleManager: Shutting down and abandoning module ViewportSnapping (626)
[2020.02.06-06.58.50:383][470]LogModuleManager: Shutting down and abandoning module ViewportInteraction (624)
[2020.02.06-06.58.50:383][470]LogModuleManager: Shutting down and abandoning module ClothPainter (622)
[2020.02.06-06.58.50:383][470]LogModuleManager: Shutting down and abandoning module SkeletalMeshEditor (621)
[2020.02.06-06.58.50:383][470]LogModuleManager: Shutting down and abandoning module LogVisualizer (618)
[2020.02.06-06.58.50:383][470]LogModuleManager: Shutting down and abandoning module IntroTutorials (616)
[2020.02.06-06.58.50:383][470]LogModuleManager: Shutting down and abandoning module GameProjectGeneration (615)
[2020.02.06-06.58.50:383][470]LogModuleManager: Shutting down and abandoning module LuminPlatformEditor (612)
[2020.02.06-06.58.50:383][470]LogModuleManager: Shutting down and abandoning module IOSPlatformEditor (610)
[2020.02.06-06.58.50:383][470]LogModuleManager: Shutting down and abandoning module HTML5PlatformEditor (608)
[2020.02.06-06.58.50:383][470]LogModuleManager: Shutting down and abandoning module AndroidPlatformEditor (606)
[2020.02.06-06.58.50:383][470]LogModuleManager: Shutting down and abandoning module AndroidDeviceDetection (605)
[2020.02.06-06.58.51:265][470]LogModuleManager: Shutting down and abandoning module WindowsPlatformEditor (602)
[2020.02.06-06.58.51:265][470]LogModuleManager: Shutting down and abandoning module LuminRuntimeSettings (600)
[2020.02.06-06.58.51:265][470]LogModuleManager: Shutting down and abandoning module IOSRuntimeSettings (598)
[2020.02.06-06.58.51:265][470]LogModuleManager: Shutting down and abandoning module AndroidRuntimeSettings (596)
[2020.02.06-06.58.51:265][470]LogModuleManager: Shutting down and abandoning module TimeManagementEditor (594)
[2020.02.06-06.58.51:265][470]LogModuleManager: Shutting down and abandoning module InputBindingEditor (592)
[2020.02.06-06.58.51:265][470]LogModuleManager: Shutting down and abandoning module MergeActors (590)
[2020.02.06-06.58.51:265][470]LogModuleManager: Shutting down and abandoning module LocalizationDashboard (588)
[2020.02.06-06.58.51:265][470]LogModuleManager: Shutting down and abandoning module LocalizationService (587)
[2020.02.06-06.58.51:265][470]LogModuleManager: Shutting down and abandoning module HardwareTargeting (584)
[2020.02.06-06.58.51:265][470]LogModuleManager: Shutting down and abandoning module DeviceProfileEditor (582)
[2020.02.06-06.58.51:265][470]LogModuleManager: Shutting down and abandoning module UndoHistory (580)
[2020.02.06-06.58.51:265][470]LogModuleManager: Shutting down and abandoning module XmlParser (578)
[2020.02.06-06.58.51:265][470]LogModuleManager: Shutting down and abandoning module Blutility (576)
[2020.02.06-06.58.51:265][470]LogModuleManager: Shutting down and abandoning module ProjectSettingsViewer (574)
[2020.02.06-06.58.51:265][470]LogModuleManager: Shutting down and abandoning module ProjectTargetPlatformEditor (573)
[2020.02.06-06.58.51:266][470]LogModuleManager: Shutting down and abandoning module EditorSettingsViewer (570)
[2020.02.06-06.58.51:266][470]LogModuleManager: Shutting down and abandoning module SettingsEditor (568)
[2020.02.06-06.58.51:266][470]LogModuleManager: Shutting down and abandoning module ProjectLauncher (566)
[2020.02.06-06.58.51:266][470]LogModuleManager: Shutting down and abandoning module SessionFrontend (564)
[2020.02.06-06.58.51:266][470]LogModuleManager: Shutting down and abandoning module ProfilerClient (562)
[2020.02.06-06.58.51:266][470]LogModuleManager: Shutting down and abandoning module DeviceManager (560)
[2020.02.06-06.58.51:266][470]LogModuleManager: Shutting down and abandoning module TargetDeviceServices (559)
[2020.02.06-06.58.51:309][470]LogModuleManager: Shutting down and abandoning module AutomationController (556)
[2020.02.06-06.58.51:309][470]LogModuleManager: Shutting down and abandoning module AutomationWindow (554)
[2020.02.06-06.58.51:309][470]LogModuleManager: Shutting down and abandoning module Layers (552)
[2020.02.06-06.58.51:309][470]LogModuleManager: Shutting down and abandoning module ComponentVisualizers (550)
[2020.02.06-06.58.51:309][470]LogModuleManager: Shutting down and abandoning module DetailCustomizations (548)
[2020.02.06-06.58.51:309][470]LogModuleManager: Shutting down and abandoning module PackagesDialog (546)
[2020.02.06-06.58.51:309][470]LogModuleManager: Shutting down and abandoning module AnimationBlueprintEditor (544)
[2020.02.06-06.58.51:309][470]LogModuleManager: Shutting down and abandoning module Persona (542)
[2020.02.06-06.58.51:309][470]LogModuleManager: Shutting down and abandoning module AnimGraph (541)
[2020.02.06-06.58.51:309][470]LogModuleManager: Shutting down and abandoning module Kismet (538)
[2020.02.06-06.58.51:309][470]LogModuleManager: Shutting down and abandoning module KismetWidgets (537)
[2020.02.06-06.58.51:309][470]LogModuleManager: Shutting down and abandoning module GraphEditor (534)
[2020.02.06-06.58.51:309][470]LogModuleManager: Shutting down and abandoning module StructViewer (532)
[2020.02.06-06.58.51:309][470]LogModuleManager: Shutting down and abandoning module ClassViewer (530)
[2020.02.06-06.58.51:309][470]LogModuleManager: Shutting down and abandoning module Toolbox (528)
[2020.02.06-06.58.51:309][470]LogModuleManager: Shutting down and abandoning module ModuleUI (526)
[2020.02.06-06.58.51:309][470]LogModuleManager: Shutting down and abandoning module MovieSceneTools (524)
[2020.02.06-06.58.51:309][470]LogModuleManager: Shutting down and abandoning module OutputLog (522)
[2020.02.06-06.58.51:309][470]LogModuleManager: Shutting down and abandoning module GammaUI (520)
[2020.02.06-06.58.51:309][470]LogModuleManager: Shutting down and abandoning module Documentation (518)
[2020.02.06-06.58.51:309][470]LogModuleManager: Shutting down and abandoning module LiveCoding (516)
[2020.02.06-06.58.51:309][470]LogModuleManager: Shutting down and abandoning module LevelSequence (514)
[2020.02.06-06.58.51:309][470]LogModuleManager: Shutting down and abandoning module MovieSceneTracks (512)
[2020.02.06-06.58.51:309][470]LogModuleManager: Shutting down and abandoning module MovieScene (510)
[2020.02.06-06.58.51:309][470]LogModuleManager: Shutting down and abandoning module StreamingPauseRendering (508)
[2020.02.06-06.58.51:309][470]LogModuleManager: Shutting down and abandoning module LauncherPlatform (506)
[2020.02.06-06.58.51:309][470]LogModuleManager: Shutting down and abandoning module AnalyticsET (504)
[2020.02.06-06.58.51:309][470]LogModuleManager: Shutting down and abandoning module PortalServices (502)
[2020.02.06-06.58.51:309][470]LogModuleManager: Shutting down and abandoning module PortalRpc (500)
[2020.02.06-06.58.51:309][470]LogModuleManager: Shutting down and abandoning module MessagingRpc (498)
[2020.02.06-06.58.51:309][470]LogModuleManager: Shutting down and abandoning module AIModule (496)
[2020.02.06-06.58.51:309][470]LogModuleManager: Shutting down and abandoning module GameplayDebugger (495)
[2020.02.06-06.58.51:309][470]LogModuleManager: Shutting down and abandoning module AITestSuite (493)
[2020.02.06-06.58.51:309][470]LogModuleManager: Shutting down and abandoning module NavigationSystem (491)
[2020.02.06-06.58.51:309][470]LogModuleManager: Shutting down and abandoning module DesktopPlatform (488)
[2020.02.06-06.58.51:309][470]LogModuleManager: Shutting down and abandoning module ImageWriteQueue (486)
[2020.02.06-06.58.51:312][470]LogModuleManager: Shutting down and abandoning module ProfilerService (484)
[2020.02.06-06.58.51:540][470]LogModuleManager: Shutting down and abandoning module TaskGraph (482)
[2020.02.06-06.58.51:540][470]LogModuleManager: Shutting down and abandoning module DatasmithCADTranslator (480)
[2020.02.06-06.58.51:540][470]LogModuleManager: Shutting down and abandoning module DatasmithC4DImporter (478)
[2020.02.06-06.58.51:540][470]LogModuleManager: Shutting down and abandoning module VariantManager (476)
[2020.02.06-06.58.51:540][470]LogModuleManager: Shutting down and abandoning module StaticMeshEditorExtension (474)
[2020.02.06-06.58.51:540][470]LogModuleManager: Shutting down and abandoning module MeshProcessingLibrary (473)
[2020.02.06-06.58.51:540][470]LogModuleManager: Shutting down and abandoning module MDLImporter (470)
[2020.02.06-06.58.51:540][470]LogModuleManager: Shutting down and abandoning module DatasmithCoreTechExtension (468)
[2020.02.06-06.58.51:540][470]LogModuleManager: Shutting down and abandoning module StaticMeshEditor (467)
[2020.02.06-06.58.51:540][470]LogModuleManager: Shutting down and abandoning module AdvancedPreviewScene (466)
[2020.02.06-06.58.51:540][470]LogModuleManager: Shutting down and abandoning module DatasmithOpenNurbsTranslator (462)
[2020.02.06-06.58.51:540][470]LogModuleManager: Shutting down and abandoning module DatasmithNativeTranslator (460)
[2020.02.06-06.58.51:540][470]LogModuleManager: Shutting down and abandoning module DatasmithIFCImporter (458)
[2020.02.06-06.58.51:540][470]LogModuleManager: Shutting down and abandoning module DatasmithGLTFImporter (456)
[2020.02.06-06.58.51:541][470]LogModuleManager: Shutting down and abandoning module DatasmithImporter (455)
[2020.02.06-06.58.51:541][470]LogModuleManager: Shutting down and abandoning module ScreenshotTools (452)
[2020.02.06-06.58.51:541][470]LogModuleManager: Shutting down and abandoning module SteamVRController (450)
[2020.02.06-06.58.51:541][470]LogModuleManager: Shutting down and abandoning module ProceduralMeshComponentEditor (448)
[2020.02.06-06.58.51:541][470]LogModuleManager: Shutting down and abandoning module ProceduralMeshComponent (446)
[2020.02.06-06.58.51:541][470]LogModuleManager: Shutting down and abandoning module OculusEditor (444)
[2020.02.06-06.58.51:541][470]LogModuleManager: Shutting down and abandoning module OculusInput (442)
[2020.02.06-06.58.51:541][470]LogModuleManager: Shutting down and abandoning module MobilePatchingUtils (440)
[2020.02.06-06.58.51:541][470]LogModuleManager: Shutting down and abandoning module HoudiniEngineRuntime (438)
[2020.02.06-06.58.51:541][470]LogHoudiniEngine: Shutting down the Houdini Engine module.
[2020.02.06-06.58.51:541][470]LogModuleManager: Shutting down and abandoning module EditableMesh (436)
[2020.02.06-06.58.51:541][470]LogModuleManager: Shutting down and abandoning module CustomMeshComponent (434)
[2020.02.06-06.58.51:541][470]LogModuleManager: Shutting down and abandoning module CableComponent (432)
[2020.02.06-06.58.51:541][470]LogModuleManager: Shutting down and abandoning module AudioCapture (430)
[2020.02.06-06.58.51:541][470]LogModuleManager: Shutting down and abandoning module ArchVisCharacter (428)
[2020.02.06-06.58.51:541][470]LogModuleManager: Shutting down and abandoning module AppleImageUtilsBlueprintSupport (426)
[2020.02.06-06.58.51:541][470]LogModuleManager: Shutting down and abandoning module AppleImageUtils (424)
[2020.02.06-06.58.51:541][470]LogModuleManager: Shutting down and abandoning module AndroidPermission (422)
[2020.02.06-06.58.51:541][470]LogModuleManager: Shutting down and abandoning module NUTUnrealEngine4 (420)
[2020.02.06-06.58.51:541][470]LogModuleManager: Shutting down and abandoning module NetcodeUnitTest (418)
[2020.02.06-06.58.51:541][470]LogModuleManager: Shutting down and abandoning module MediaCompositing (416)
[2020.02.06-06.58.51:541][470]LogModuleManager: Shutting down and abandoning module ImgMedia (414)
[2020.02.06-06.58.51:541][470]LogModuleManager: Shutting down and abandoning module MagicLeapHelperVulkan (412)
[2020.02.06-06.58.51:541][470]LogModuleManager: Shutting down and abandoning module MagicLeapHelperOpenGL (410)
[2020.02.06-06.58.51:541][470]LogModuleManager: Shutting down and abandoning module MagicLeapAudio (408)
[2020.02.06-06.58.51:541][470]LogModuleManager: Shutting down and abandoning module HTML5Networking (406)
[2020.02.06-06.58.51:541][470]LogModuleManager: Shutting down and abandoning module GeometryCollectionTracks (404)
[2020.02.06-06.58.51:541][470]LogModuleManager: Shutting down and abandoning module GeometryCollectionSequencer (403)
[2020.02.06-06.58.51:541][470]LogModuleManager: Shutting down and abandoning module GeometryCollectionEditor (400)
[2020.02.06-06.58.51:541][470]LogModuleManager: Shutting down and abandoning module GeometryCollectionExampleCore (398)
[2020.02.06-06.58.51:541][470]LogModuleManager: Shutting down and abandoning module GeometryCacheTracks (396)
[2020.02.06-06.58.51:541][470]LogModuleManager: Shutting down and abandoning module GeometryCacheSequencer (394)
[2020.02.06-06.58.51:541][470]LogModuleManager: Shutting down and abandoning module DataprepLibraries (392)
[2020.02.06-06.58.51:541][470]LogModuleManager: Shutting down and abandoning module DataprepCore (390)
[2020.02.06-06.58.51:541][470]LogModuleManager: Shutting down and abandoning module DataprepEditor (388)
[2020.02.06-06.58.51:541][470]LogModuleManager: Shutting down and abandoning module ChaosSolverEditor (386)
[2020.02.06-06.58.51:541][470]LogModuleManager: Shutting down and abandoning module BlastCore (384)
[2020.02.06-06.58.51:541][470]LogModuleManager: Shutting down and abandoning module BlastAuthoring (382)
[2020.02.06-06.58.51:542][470]LogModuleManager: Shutting down and abandoning module BackChannel (380)
[2020.02.06-06.58.51:542][470]LogModuleManager: Shutting down and abandoning module AutomationUtilsEditor (378)
[2020.02.06-06.58.51:542][470]LogModuleManager: Shutting down and abandoning module AutomationUtils (376)
[2020.02.06-06.58.51:542][470]LogModuleManager: Shutting down and abandoning module AlembicImporter (374)
[2020.02.06-06.58.51:542][470]LogModuleManager: Shutting down and abandoning module AlembicLibrary (373)
[2020.02.06-06.58.51:542][470]LogModuleManager: Shutting down and abandoning module GeometryCache (372)
[2020.02.06-06.58.51:542][470]LogModuleManager: Shutting down and abandoning module GeometryCacheEd (371)
[2020.02.06-06.58.51:542][470]LogModuleManager: Shutting down and abandoning module VariantManagerContent (366)
[2020.02.06-06.58.51:542][470]LogModuleManager: Shutting down and abandoning module DatasmithContentEditor (364)
[2020.02.06-06.58.51:542][470]LogModuleManager: Shutting down and abandoning module SpeedTreeImporter (362)
[2020.02.06-06.58.51:542][470]LogModuleManager: Shutting down and abandoning module PluginBrowser (360)
[2020.02.06-06.58.51:542][470]LogModuleManager: Shutting down and abandoning module MobileLauncherProfileWizard (358)
[2020.02.06-06.58.51:542][470]LogModuleManager: Shutting down and abandoning module PolygonModeling (356)
[2020.02.06-06.58.51:542][470]LogModuleManager: Shutting down and abandoning module MeshEditor (354)
[2020.02.06-06.58.51:542][470]LogModuleManager: Shutting down and abandoning module MaterialAnalyzer (352)
[2020.02.06-06.58.51:542][470]LogModuleManager: Shutting down and abandoning module GLTFImporter (350)
[2020.02.06-06.58.51:542][470]LogModuleManager: Shutting down and abandoning module EditorScriptingUtilities (348)
[2020.02.06-06.58.51:542][470]LogModuleManager: Shutting down and abandoning module CurveEditorTools (346)
[2020.02.06-06.58.51:542][470]LogModuleManager: Shutting down and abandoning module CurveEditor (345)
[2020.02.06-06.58.51:542][470]LogModuleManager: Shutting down and abandoning module CryptoKeysOpenSSL (342)
[2020.02.06-06.58.51:542][470]LogModuleManager: Shutting down and abandoning module CryptoKeys (340)
[2020.02.06-06.58.51:542][470]LogModuleManager: Shutting down and abandoning module VisualStudioSourceCodeAccess (338)
[2020.02.06-06.58.51:542][470]LogModuleManager: Shutting down and abandoning module VisualStudioCodeSourceCodeAccess (336)
[2020.02.06-06.58.51:542][470]LogModuleManager: Shutting down and abandoning module UObjectPlugin (334)
[2020.02.06-06.58.51:542][470]LogModuleManager: Shutting down and abandoning module SubversionSourceControl (332)
[2020.02.06-06.58.51:542][470]LogModuleManager: Shutting down and abandoning module PerforceSourceControl (330)
[2020.02.06-06.58.51:542][470]LogModuleManager: Shutting down and abandoning module GitSourceControl (328)
[2020.02.06-06.58.51:542][470]LogModuleManager: Shutting down and abandoning module SourceControl (327)
[2020.02.06-06.58.51:542][470]LogModuleManager: Shutting down and abandoning module CLionSourceCodeAccess (324)
[2020.02.06-06.58.51:542][470]LogModuleManager: Shutting down and abandoning module AnimationSharingEd (322)
[2020.02.06-06.58.51:542][470]LogModuleManager: Shutting down and abandoning module ActorLayerUtilitiesEditor (320)
[2020.02.06-06.58.51:542][470]LogModuleManager: Shutting down and abandoning module ActorLayerUtilities (318)
[2020.02.06-06.58.51:542][470]LogModuleManager: Shutting down and abandoning module LightPropagationVolumeEditor (316)
[2020.02.06-06.58.51:542][470]LogModuleManager: Shutting down and abandoning module PaperTiledImporter (314)
[2020.02.06-06.58.51:542][470]LogModuleManager: Shutting down and abandoning module PaperSpriteSheetImporter (312)
[2020.02.06-06.58.51:542][470]LogModuleManager: Shutting down and abandoning module Paper2DEditor (310)
[2020.02.06-06.58.51:542][470]LogModuleManager: Shutting down and abandoning module SignificanceManager (308)
[2020.02.06-06.58.51:542][470]LogModuleManager: Shutting down and abandoning module RuntimePhysXCooking (306)
[2020.02.06-06.58.51:542][470]LogModuleManager: Shutting down and abandoning module PhysXVehiclesEditor (304)
[2020.02.06-06.58.51:542][470]LogModuleManager: Shutting down and abandoning module LocationServicesBPLibrary (300)
[2020.02.06-06.58.51:542][470]LogModuleManager: Shutting down and abandoning module ActorSequence (298)
[2020.02.06-06.58.51:542][470]LogModuleManager: Shutting down and abandoning module UdpMessaging (296)
[2020.02.06-06.58.51:643][470]LogModuleManager: Shutting down and abandoning module TcpMessaging (294)
[2020.02.06-06.58.51:744][470]LogModuleManager: Shutting down and abandoning module MagicLeapIdentity (292)
[2020.02.06-06.58.51:744][470]LogModuleManager: Shutting down and abandoning module MagicLeapSecureStorage (290)
[2020.02.06-06.58.51:744][470]LogModuleManager: Shutting down and abandoning module MagicLeapHandTracking (288)
[2020.02.06-06.58.51:744][470]LogModuleManager: Shutting down and abandoning module MagicLeapEyeTracker (286)
[2020.02.06-06.58.51:744][470]LogModuleManager: Shutting down and abandoning module MagicLeapController (284)
[2020.02.06-06.58.51:744][470]LogSlate: Slate User Destroyed.  User Index 0, Is Virtual User: 0
[2020.02.06-06.58.51:744][470]LogModuleManager: Shutting down and abandoning module MagicLeapAR (282)
[2020.02.06-06.58.51:744][470]LogModuleManager: Shutting down and abandoning module AugmentedReality (281)
[2020.02.06-06.58.51:744][470]LogModuleManager: Shutting down and abandoning module GameplayTagsEditor (278)
[2020.02.06-06.58.51:744][470]LogModuleManager: Shutting down and abandoning module FacialAnimationEditor (276)
[2020.02.06-06.58.51:744][470]LogModuleManager: Shutting down and abandoning module FacialAnimation (274)
[2020.02.06-06.58.51:744][470]LogModuleManager: Shutting down and abandoning module DataValidation (272)
[2020.02.06-06.58.51:744][470]LogModuleManager: Shutting down and abandoning module AssetManagerEditor (270)
[2020.02.06-06.58.51:744][470]LogModuleManager: Shutting down and abandoning module LevelEditor (269)
[2020.02.06-06.58.51:744][470]LogModuleManager: Shutting down and abandoning module PixelInspectorModule (268)
[2020.02.06-06.58.51:744][470]LogModuleManager: Shutting down and abandoning module CommonMenuExtensions (266)
[2020.02.06-06.58.51:744][470]LogModuleManager: Shutting down and abandoning module MainFrame (264)
[2020.02.06-06.58.51:745][470]LogModuleManager: Shutting down and abandoning module HotReload (263)
[2020.02.06-06.58.51:745][470]LogModuleManager: Shutting down and abandoning module ContentBrowser (259)
[2020.02.06-06.58.51:746][470]LogModuleManager: Shutting down and abandoning module TreeMap (257)
[2020.02.06-06.58.51:746][470]LogModuleManager: Shutting down and abandoning module AnimationSharing (254)
[2020.02.06-06.58.51:746][470]LogModuleManager: Shutting down and abandoning module LightPropagationVolumeRuntime (252)
[2020.02.06-06.58.51:746][470]LogModuleManager: Shutting down and abandoning module Paper2D (250)
[2020.02.06-06.58.51:746][470]LogModuleManager: Shutting down and abandoning module WindowsMoviePlayer (248)
[2020.02.06-06.58.51:747][470]LogModuleManager: Shutting down and abandoning module WebMMoviePlayer (246)
[2020.02.06-06.58.51:747][470]LogModuleManager: Shutting down and abandoning module NetworkReplayStreaming (244)
[2020.02.06-06.58.51:747][470]LogModuleManager: Shutting down and abandoning module PacketHandler (242)
[2020.02.06-06.58.51:747][470]LogModuleManager: Shutting down and abandoning module ClothingSystemEditor (240)
[2020.02.06-06.58.51:747][470]LogModuleManager: Shutting down and abandoning module ClothingSystemRuntime (238)
[2020.02.06-06.58.51:747][470]LogModuleManager: Shutting down and abandoning module MediaAssets (236)
[2020.02.06-06.58.51:747][470]LogModuleManager: Shutting down and abandoning module Overlay (234)
[2020.02.06-06.58.51:747][470]LogModuleManager: Shutting down and abandoning module OverlayEditor (233)
[2020.02.06-06.58.51:747][470]LogModuleManager: Shutting down and abandoning module VREditor (230)
[2020.02.06-06.58.51:747][470]LogModuleManager: Shutting down and abandoning module StringTableEditor (228)
[2020.02.06-06.58.51:747][470]LogModuleManager: Shutting down and abandoning module GameplayTasksEditor (226)
[2020.02.06-06.58.51:747][470]LogModuleManager: Shutting down and abandoning module BehaviorTreeEditor (224)
[2020.02.06-06.58.51:747][470]LogModuleManager: Shutting down and abandoning module FunctionalTesting (222)
[2020.02.06-06.58.51:747][470]LogModuleManager: Shutting down and abandoning module CollisionAnalyzer (220)
[2020.02.06-06.58.51:747][470]LogModuleManager: Shutting down and abandoning module WorkspaceMenuStructure (219)
[2020.02.06-06.58.51:747][470]LogModuleManager: Shutting down and abandoning module UMG (216)
[2020.02.06-06.58.51:747][470]LogModuleManager: Shutting down and abandoning module UMGEditor (215)
[2020.02.06-06.58.51:747][470]LogModuleManager: Shutting down and abandoning module Sequencer (214)
[2020.02.06-06.58.51:748][470]LogModuleManager: Shutting down and abandoning module MessageLog (211)
[2020.02.06-06.58.51:748][470]LogModuleManager: Shutting down and abandoning module SlateReflector (206)
[2020.02.06-06.58.51:748][470]LogModuleManager: Shutting down and abandoning module Slate (204)
[2020.02.06-06.58.51:748][470]LogModuleManager: Shutting down and abandoning module LandscapeEditorUtilities (202)
[2020.02.06-06.58.51:748][470]LogModuleManager: Shutting down and abandoning module EditorStyle (200)
[2020.02.06-06.58.51:748][470]LogModuleManager: Shutting down and abandoning module UnrealEd (198)
[2020.02.06-06.58.51:748][470]LogModuleManager: Shutting down and abandoning module MRMesh (196)
[2020.02.06-06.58.51:748][470]LogModuleManager: Shutting down and abandoning module SourceCodeAccess (194)
[2020.02.06-06.58.51:748][470]LogModuleManager: Shutting down and abandoning module HeadMountedDisplay (192)
[2020.02.06-06.58.51:748][470]LogModuleManager: Shutting down and abandoning module XAudio2 (190)
[2020.02.06-06.58.51:748][470]LogModuleManager: Shutting down and abandoning module Networking (188)
[2020.02.06-06.58.51:748][470]LogModuleManager: Shutting down and abandoning module Core (186)
[2020.02.06-06.58.51:748][470]LogModuleManager: Shutting down and abandoning module KismetCompiler (184)
[2020.02.06-06.58.51:748][470]LogModuleManager: Shutting down and abandoning module MeshUtilities (182)
[2020.02.06-06.58.51:748][470]LogModuleManager: Shutting down and abandoning module MeshMergeUtilities (181)
[2020.02.06-06.58.51:748][470]LogModuleManager: Shutting down and abandoning module MeshReductionInterface (180)
[2020.02.06-06.58.51:748][470]LogModuleManager: Shutting down and abandoning module SkeletalMeshReduction (179)
[2020.02.06-06.58.51:748][470]LogModuleManager: Shutting down and abandoning module ProxyLODMeshReduction (177)
[2020.02.06-06.58.51:748][470]LogModuleManager: Shutting down and abandoning module QuadricMeshReduction (175)
[2020.02.06-06.58.51:748][470]LogModuleManager: Shutting down and abandoning module MaterialBaking (171)
[2020.02.06-06.58.51:748][470]LogModuleManager: Shutting down and abandoning module NullInstallBundleManager (166)
[2020.02.06-06.58.51:748][470]LogModuleManager: Shutting down and abandoning module DerivedDataCache (164)
[2020.02.06-06.58.52:159][470]LogDerivedDataCache: Shutdown
[2020.02.06-06.58.52:159][470]LogModuleManager: Shutting down and abandoning module XGEController (162)
[2020.02.06-06.58.52:159][470]LogModuleManager: Shutting down and abandoning module TargetPlatform (160)
[2020.02.06-06.58.52:159][470]LogModuleManager: Shutting down and abandoning module VulkanShaderFormat (159)
[2020.02.06-06.58.52:159][470]LogModuleManager: Shutting down and abandoning module ShaderFormatVectorVM (157)
[2020.02.06-06.58.52:159][470]LogModuleManager: Shutting down and abandoning module ShaderFormatOpenGL (155)
[2020.02.06-06.58.52:159][470]LogModuleManager: Shutting down and abandoning module ShaderFormatD3D (153)
[2020.02.06-06.58.52:159][470]LogModuleManager: Shutting down and abandoning module MetalShaderFormat (151)
[2020.02.06-06.58.52:159][470]LogModuleManager: Shutting down and abandoning module TextureFormatUncompressed (149)
[2020.02.06-06.58.52:159][470]LogModuleManager: Shutting down and abandoning module TextureFormatPVR (147)
[2020.02.06-06.58.52:159][470]LogModuleManager: Shutting down and abandoning module TextureFormatDXT (145)
[2020.02.06-06.58.52:159][470]LogModuleManager: Shutting down and abandoning module TextureFormatIntelISPCTexComp (143)
[2020.02.06-06.58.52:159][470]LogModuleManager: Shutting down and abandoning module TextureFormatASTC (141)
[2020.02.06-06.58.52:159][470]LogModuleManager: Shutting down and abandoning module ImageWrapper (140)
[2020.02.06-06.58.52:159][470]LogModuleManager: Shutting down and abandoning module TextureFormatAndroid (137)
[2020.02.06-06.58.52:159][470]LogModuleManager: Shutting down and abandoning module AudioFormatOpus (135)
[2020.02.06-06.58.52:159][470]LogModuleManager: Shutting down and abandoning module AudioFormatOgg (133)
[2020.02.06-06.58.52:159][470]LogModuleManager: Shutting down and abandoning module AudioFormatADPCM (131)
[2020.02.06-06.58.52:159][470]LogModuleManager: Shutting down and abandoning module LuminTargetPlatform (129)
[2020.02.06-06.58.52:160][470]LogModuleManager: Shutting down and abandoning module LinuxTargetPlatform (127)
[2020.02.06-06.58.52:160][470]LogModuleManager: Shutting down and abandoning module LinuxServerTargetPlatform (125)
[2020.02.06-06.58.52:160][470]LogModuleManager: Shutting down and abandoning module LinuxNoEditorTargetPlatform (123)
[2020.02.06-06.58.52:160][470]LogModuleManager: Shutting down and abandoning module LinuxClientTargetPlatform (121)
[2020.02.06-06.58.52:160][470]LogModuleManager: Shutting down and abandoning module TVOSTargetPlatform (119)
[2020.02.06-06.58.52:160][470]LogModuleManager: Shutting down and abandoning module Messaging (117)
[2020.02.06-06.58.52:160][470]LogModuleManager: Shutting down and abandoning module IOSTargetPlatform (115)
[2020.02.06-06.58.52:161][470]LogModuleManager: Shutting down and abandoning module HTML5TargetPlatform (113)
[2020.02.06-06.58.52:161][470]LogModuleManager: Shutting down and abandoning module AndroidTargetPlatform (111)
[2020.02.06-06.58.52:164][470]LogModuleManager: Shutting down and abandoning module WindowsTargetPlatform (109)
[2020.02.06-06.58.52:164][470]LogModuleManager: Shutting down and abandoning module WindowsServerTargetPlatform (107)
[2020.02.06-06.58.52:164][470]LogModuleManager: Shutting down and abandoning module WindowsNoEditorTargetPlatform (105)
[2020.02.06-06.58.52:164][470]LogModuleManager: Shutting down and abandoning module WindowsClientTargetPlatform (103)
[2020.02.06-06.58.52:164][470]LogModuleManager: Shutting down and abandoning module MacTargetPlatform (101)
[2020.02.06-06.58.52:164][470]LogModuleManager: Shutting down and abandoning module MacServerTargetPlatform (99)
[2020.02.06-06.58.52:164][470]LogModuleManager: Shutting down and abandoning module MacNoEditorTargetPlatform (97)
[2020.02.06-06.58.52:164][470]LogModuleManager: Shutting down and abandoning module MacClientTargetPlatform (95)
[2020.02.06-06.58.52:164][470]LogModuleManager: Shutting down and abandoning module AllDesktopTargetPlatform (93)
[2020.02.06-06.58.52:164][470]LogModuleManager: Shutting down and abandoning module InputCore (90)
[2020.02.06-06.58.52:164][470]LogModuleManager: Shutting down and abandoning module Settings (88)
[2020.02.06-06.58.52:164][470]LogModuleManager: Shutting down and abandoning module DirectoryWatcher (86)
[2020.02.06-06.58.52:165][470]LogModuleManager: Shutting down and abandoning module PhysXCooking (84)
[2020.02.06-06.58.52:165][470]LogModuleManager: Shutting down and abandoning module WindowsPlatformFeatures (82)
[2020.02.06-06.58.52:165][470]LogModuleManager: Shutting down and abandoning module GameplayMediaEncoder (81)
[2020.02.06-06.58.52:165][470]LogModuleManager: Shutting down and abandoning module SteamVR (78)
[2020.02.06-06.58.52:165][470]LogHMD: Freeing OpenVRDLLHandle.
[2020.02.06-06.58.52:165][470]LogModuleManager: Shutting down and abandoning module OculusHMD (76)
[2020.02.06-06.58.52:165][470]LogModuleManager: Shutting down and abandoning module ExampleDeviceProfileSelector (74)
[2020.02.06-06.58.52:165][470]LogModuleManager: Shutting down and abandoning module LauncherChunkInstaller (72)
[2020.02.06-06.58.52:165][470]LogModuleManager: Shutting down and abandoning module OnlineBlueprintSupport (70)
[2020.02.06-06.58.52:165][470]LogModuleManager: Shutting down and abandoning module OnlineSubsystem (66)
[2020.02.06-06.58.52:166][470]LogModuleManager: Shutting down and abandoning module XMPP (61)
[2020.02.06-06.58.52:166][470]LogModuleManager: Shutting down and abandoning module WebSockets (60)
[2020.02.06-06.58.52:193][470]LogModuleManager: Shutting down and abandoning module HTTP (57)
[2020.02.06-06.58.52:193][470]LogHttp: Display: Http module shutting down, but needs to wait on 1 outstanding Http requests:
[2020.02.06-06.58.52:193][470]LogHttp: Display: 	verb=[POST] url=[https://datarouter.ol.epicgames.com/datarouter/api/v1/public/data?SessionID=%7B8B9CF340-49F1-C6A1-6136-DBAB72430119%7D&AppID=UEEditor.Rocket.Release&AppVersion=4.23.1-9631420%2B%2B%2BUE4%2BRelease-4.23&UserID=c21c0d094bbc153db09c6a82bf981428%7C58d699f663484c54b25d75a24142e276%7C118eacff-4b02-4356-861d-c06f7bdf7dac&AppEnvironment=datacollector-binary&UploadType=eteventstream] status=Processing
[2020.02.06-06.58.52:195][470]LogModuleManager: Shutting down and abandoning module SSL (56)
[2020.02.06-06.58.52:196][470]LogModuleManager: Shutting down and abandoning module WmfMedia (52)
[2020.02.06-06.58.52:198][470]LogModuleManager: Shutting down and abandoning module Media (51)
[2020.02.06-06.58.52:200][470]LogModuleManager: Shutting down and abandoning module MagicLeap (48)
[2020.02.06-06.58.52:200][470]LogModuleManager: Shutting down and abandoning module DatasmithContent (46)
[2020.02.06-06.58.52:200][470]LogModuleManager: Shutting down and abandoning module AISupportModule (44)
[2020.02.06-06.58.52:200][470]LogModuleManager: Shutting down and abandoning module PlatformCryptoOpenSSL (42)
[2020.02.06-06.58.52:200][470]LogModuleManager: Shutting down and abandoning module PlatformCrypto (40)
[2020.02.06-06.58.52:200][470]LogModuleManager: Shutting down and abandoning module AnimationModifiers (38)
[2020.02.06-06.58.52:200][470]LogModuleManager: Shutting down and abandoning module PropertyEditor (37)
[2020.02.06-06.58.52:200][470]LogModuleManager: Shutting down and abandoning module AudioEditor (34)
[2020.02.06-06.58.52:200][470]LogModuleManager: Shutting down and abandoning module TextureCompressor (32)
[2020.02.06-06.58.52:201][470]LogModuleManager: Shutting down and abandoning module RenderCore (30)
[2020.02.06-06.58.52:201][470]LogModuleManager: Shutting down and abandoning module Landscape (28)
[2020.02.06-06.58.52:201][470]LogModuleManager: Shutting down and abandoning module SlateRHIRenderer (26)
[2020.02.06-06.58.52:202][470]LogModuleManager: Shutting down and abandoning module OpenGLDrv (24)
[2020.02.06-06.58.52:202][470]LogModuleManager: Shutting down and abandoning module D3D11RHI (22)
[2020.02.06-06.58.52:202][470]LogModuleManager: Shutting down and abandoning module AnimGraphRuntime (20)
[2020.02.06-06.58.52:202][470]LogModuleManager: Shutting down and abandoning module Renderer (18)
[2020.02.06-06.58.52:202][470]LogModuleManager: Shutting down and abandoning module Engine (16)
[2020.02.06-06.58.52:202][470]LogModuleManager: Shutting down and abandoning module CoreUObject (14)
[2020.02.06-06.58.52:202][470]LogModuleManager: Shutting down and abandoning module NetworkFile (12)
[2020.02.06-06.58.52:202][470]LogModuleManager: Shutting down and abandoning module CookedIterativeFile (10)
[2020.02.06-06.58.52:202][470]LogModuleManager: Shutting down and abandoning module StreamingFile (8)
[2020.02.06-06.58.52:203][470]LogModuleManager: Shutting down and abandoning module SandboxFile (6)
[2020.02.06-06.58.52:203][470]LogModuleManager: Shutting down and abandoning module PakFile (4)
[2020.02.06-06.58.52:203][470]LogModuleManager: Shutting down and abandoning module RSA (3)
[2020.02.06-06.58.52:203][470]LogD3D11RHI: Shutdown
[2020.02.06-06.58.52:203][470]LogD3D11RHI: CleanupD3DDevice
[2020.02.06-06.58.52:203][470]LogRendererCore: FGlobalDynamicReadBuffer::Cleanup()
[2020.02.06-06.58.52:203][470]LogRendererCore: FGlobalDynamicReadBuffer::Cleanup()
[2020.02.06-06.58.52:203][470]LogRendererCore: FGlobalDynamicReadBuffer::Cleanup()
[2020.02.06-06.58.52:258][470]LogD3D11RHI: ~FD3D11DynamicRHI
[2020.02.06-06.58.52:267][470]LogExit: Exiting.
[2020.02.06-06.58.52:288][470]Log file closed, 02/06/20 14:58:52
